{
  "stats": {
    "suites": 3,
    "tests": 41,
    "passes": 28,
    "pending": 0,
    "failures": 13,
    "start": "2020-07-21T08:58:47.107Z",
    "end": "2020-07-21T08:58:47.107Z",
    "duration": 185113,
    "testsRegistered": 41,
    "passPercent": 68.29268292682927,
    "pendingPercent": 0,
    "other": 0,
    "hasOther": false,
    "skipped": 0,
    "hasSkipped": false
  },
  "results": [
    {
      "uuid": "b4d6e261-ffc5-4dec-9318-20a7bb8a6090",
      "title": "",
      "fullFile": "cypress/integration/younited_credit_test/cas_de_test_marie/younited_marie_tests.spec.js",
      "file": "cypress/integration/younited_credit_test/cas_de_test_marie/younited_marie_tests.spec.js",
      "beforeHooks": [],
      "afterHooks": [],
      "tests": [],
      "suites": [
        {
          "uuid": "47731607-e055-43c0-b567-1d2e9f39dc3e",
          "title": "Single credit tests",
          "fullFile": "",
          "file": "",
          "beforeHooks": [],
          "afterHooks": [],
          "tests": [
            {
              "title": "landing page",
              "fullTitle": "Single credit tests landing page",
              "timedOut": null,
              "duration": 9144,
              "state": "passed",
              "speed": "slow",
              "pass": true,
              "fail": false,
              "pending": false,
              "context": null,
              "code": "cy.landingchooseUser(profile.projectSelect, profile.amount, profile.creditMaturity);\ncy.buttonClick('CONTINUER');",
              "err": {},
              "uuid": "6ecbc533-18e9-4368-8a1b-99d9f2549ac2",
              "parentUUID": "47731607-e055-43c0-b567-1d2e9f39dc3e",
              "isHook": false,
              "skipped": false
            },
            {
              "title": "Email page",
              "fullTitle": "Single credit tests Email page",
              "timedOut": null,
              "duration": 5736,
              "state": "passed",
              "speed": "slow",
              "pass": true,
              "fail": false,
              "pending": false,
              "context": null,
              "code": "cy.urlWebSite('/email');\ncy.pageTitle('Younited Credit');\ncy.emailUser(profile.email);\ncy.get('div').should('have.class', 'wrapper-input input-wrapper--valid');\ncy.buttonClick('Voir mon offre personnalisée');",
              "err": {},
              "uuid": "6a2e9936-1809-4b45-aa6f-0b21ca00fb99",
              "parentUUID": "47731607-e055-43c0-b567-1d2e9f39dc3e",
              "isHook": false,
              "skipped": false
            },
            {
              "title": "Family situation page",
              "fullTitle": "Single credit tests Family situation page",
              "timedOut": null,
              "duration": 2266,
              "state": "passed",
              "speed": "slow",
              "pass": true,
              "fail": false,
              "pending": false,
              "context": null,
              "code": "cy.urlWebSite('/familysituation');\ncy.pageTitle('Younited Credit');\ncy.familySituationUser(profile.maritalStatus, profile.childNumber);\ncy.get('[type=\"checkbox\"]').uncheck({\n  force: true\n});\ncy.buttonClick('Suite');",
              "err": {},
              "uuid": "8658e4a3-0430-4289-af99-2e5c03ce77bb",
              "parentUUID": "47731607-e055-43c0-b567-1d2e9f39dc3e",
              "isHook": false,
              "skipped": false
            },
            {
              "title": "House page",
              "fullTitle": "Single credit tests House page",
              "timedOut": null,
              "duration": 1487,
              "state": "passed",
              "speed": "slow",
              "pass": true,
              "fail": false,
              "pending": false,
              "context": null,
              "code": "cy.urlWebSite('/housing');\ncy.pageTitle('Younited Credit');\ncy.housingStatusUser(profile.housingStatus, profile.housingStatusMouth, profile.housingStatusYear);\ncy.get('[type=\"checkbox\"]').uncheck({\n  force: true\n});\ncy.buttonClick('Suite');",
              "err": {},
              "uuid": "735dcdb7-7e25-4636-9c5d-2970bc2d25b8",
              "parentUUID": "47731607-e055-43c0-b567-1d2e9f39dc3e",
              "isHook": false,
              "skipped": false
            },
            {
              "title": "Professional situation Test",
              "fullTitle": "Single credit tests Professional situation Test",
              "timedOut": null,
              "duration": 2566,
              "state": "passed",
              "speed": "slow",
              "pass": true,
              "fail": false,
              "pending": false,
              "context": null,
              "code": "cy.urlWebSite('/professionalsituation');\ncy.pageTitle('Younited Credit');\ncy.activityMariedUser(profile.activitySector, profile.profession, profile.contractType, profile.employedFromMouth, profile.employedFromYear, profile.contractType);\ncy.get('#ISCOMPANYBANKRUPT_FALSE').check({\n  force: true\n}).should('be.checked');\ncy.buttonClick('Suite');",
              "err": {},
              "uuid": "39cf449d-884c-4e9d-92f6-3fc6c8963a5d",
              "parentUUID": "47731607-e055-43c0-b567-1d2e9f39dc3e",
              "isHook": false,
              "skipped": false
            },
            {
              "title": "Partner Activity Sector Test",
              "fullTitle": "Single credit tests Partner Activity Sector Test",
              "timedOut": null,
              "duration": 2691,
              "state": "passed",
              "speed": "slow",
              "pass": true,
              "fail": false,
              "pending": false,
              "context": null,
              "code": "cy.urlWebSite('/partnerprofession');\ncy.pageTitle('Younited Credit');\ncy.partnerActivityMariedUser(profile.partnerActivitySector, profile.partnerProfession, profile.partnerContractType, profile.partnerEmployedFromMouth, profile.partnerEmployedFromYear);\ncy.buttonClick('Suite');",
              "err": {},
              "uuid": "4110e306-916c-47ae-8cac-2d2818255d86",
              "parentUUID": "47731607-e055-43c0-b567-1d2e9f39dc3e",
              "isHook": false,
              "skipped": false
            },
            {
              "title": "Main Income Test",
              "fullTitle": "Single credit tests Main Income Test",
              "timedOut": null,
              "duration": 2684,
              "state": "passed",
              "speed": "slow",
              "pass": true,
              "fail": false,
              "pending": false,
              "context": null,
              "code": "cy.urlWebSite('/incomes');\ncy.pageTitle('Younited Credit');\ncy.partnerIncomMariedUser(profile.mainIncome, profile.housingAssistance, profile.additionalIncome, profile.coIncome);\ncy.buttonClick('Suite');",
              "err": {},
              "uuid": "e76e2d61-2917-4af3-a18a-8f16c70ed19e",
              "parentUUID": "47731607-e055-43c0-b567-1d2e9f39dc3e",
              "isHook": false,
              "skipped": false
            },
            {
              "title": "Rent Amount Test",
              "fullTitle": "Single credit tests Rent Amount Test",
              "timedOut": null,
              "duration": 2566,
              "state": "passed",
              "speed": "slow",
              "pass": true,
              "fail": false,
              "pending": false,
              "context": null,
              "code": "cy.urlWebSite('/outcomes');\ncy.pageTitle('Younited Credit');\ncy.outcomeMariedUser(profile.mortgageAmount, profile.childSupportPaymentsAmount, profile.childCareExpensesAmount, profile.loanCount);\ncy.buttonClick('Suite');",
              "err": {},
              "uuid": "db390e71-803b-439c-9f6d-4bfe19e2c97e",
              "parentUUID": "47731607-e055-43c0-b567-1d2e9f39dc3e",
              "isHook": false,
              "skipped": false
            },
            {
              "title": "Bank Test",
              "fullTitle": "Single credit tests Bank Test",
              "timedOut": null,
              "duration": 1519,
              "state": "passed",
              "speed": "slow",
              "pass": true,
              "fail": false,
              "pending": false,
              "context": null,
              "code": "cy.urlWebSite('/bank');\ncy.pageTitle('Younited Credit');\ncy.bankUser(profile.bankCode, profile.bankFromYear);\ncy.buttonClick('Suite');",
              "err": {},
              "uuid": "f2515200-84c3-4ac7-b1a2-42e551858498",
              "parentUUID": "47731607-e055-43c0-b567-1d2e9f39dc3e",
              "isHook": false,
              "skipped": false
            },
            {
              "title": "Identity Test",
              "fullTitle": "Single credit tests Identity Test",
              "timedOut": null,
              "duration": 5572,
              "state": "passed",
              "speed": "slow",
              "pass": true,
              "fail": false,
              "pending": false,
              "context": null,
              "code": "cy.urlWebSite('/identity');\ncy.pageTitle('Younited Credit');\ncy.identityUser(profile.gender, profile.lastName, profile.firstName, profile.dateOfBirthDay, profile.dateOfBirthMouth, profile.dateOfBirthYear, profile.postalCode, profile.city);\ncy.buttonClick('Suite');",
              "err": {},
              "uuid": "97c471ca-f4d6-4f63-a452-a1e34e0bb56e",
              "parentUUID": "47731607-e055-43c0-b567-1d2e9f39dc3e",
              "isHook": false,
              "skipped": false
            },
            {
              "title": "Partner Identity Test",
              "fullTitle": "Single credit tests Partner Identity Test",
              "timedOut": null,
              "duration": 5532,
              "state": "passed",
              "speed": "slow",
              "pass": true,
              "fail": false,
              "pending": false,
              "context": null,
              "code": "cy.urlWebSite('/partneridentity');\ncy.pageTitle('Younited Credit');\ncy.identityPartnerMariedUser(profile.partnerGender, profile.partnerLastName, profile.partnerMaidenName, profile.partnerFirstName, profile.partnerDateOfBirthDay, profile.partnerDateOfBirthMouth, profile.partnerDateOfBirthYear, profile.partnerPostalCode, profile.partnerCity);\ncy.buttonClick('Suite');",
              "err": {},
              "uuid": "d2bab174-0d98-42ff-a8db-3aef394def79",
              "parentUUID": "47731607-e055-43c0-b567-1d2e9f39dc3e",
              "isHook": false,
              "skipped": false
            },
            {
              "title": "Identity Test",
              "fullTitle": "Single credit tests Identity Test",
              "timedOut": null,
              "duration": 7122,
              "state": "passed",
              "speed": "slow",
              "pass": true,
              "fail": false,
              "pending": false,
              "context": null,
              "code": "cy.urlWebSite('/contact');\ncy.pageTitle('Younited Credit');\ncy.contactUser(profile.cellPhoneNumber, profile.phoneNumber, profile.address, profile.postalCode, profile.city, profile.countryZone);\ncy.buttonClick('Suite');",
              "err": {},
              "uuid": "01e18ac2-e45d-494c-af45-9a9cf5ed1f94",
              "parentUUID": "47731607-e055-43c0-b567-1d2e9f39dc3e",
              "isHook": false,
              "skipped": false
            },
            {
              "title": "Assurance Test",
              "fullTitle": "Single credit tests Assurance Test",
              "timedOut": null,
              "duration": 5782,
              "state": "failed",
              "speed": null,
              "pass": false,
              "fail": true,
              "pending": false,
              "context": null,
              "code": "cy.urlWebSite('/insurence/offers');\ncy.pageTitle('Younited Credit');\ncy.insuranceUser(profile.insurance_subscribers);\ncy.get('#INSURANCE-JOBLOSS_NO').check({\n  force: true\n}).should('be.checked');\ncy.buttonClick('Suite');",
              "err": {
                "message": "AssertionError: Timed out retrying: expected 'https://fr-funnel.younited-credit.com/insurance/offers' to include '/insurence/offers'",
                "estack": "AssertionError: Timed out retrying: expected 'https://fr-funnel.younited-credit.com/insurance/offers' to include '/insurence/offers'\n    at Context.eval (https://www.younited-credit.com/__cypress/tests?p=cypress/support/index.js:204:12)",
                "diff": null
              },
              "uuid": "da9bf01a-68fc-4eca-aada-833539eb47e7",
              "parentUUID": "47731607-e055-43c0-b567-1d2e9f39dc3e",
              "isHook": false,
              "skipped": false
            },
            {
              "title": "Commercial Offer Test",
              "fullTitle": "Single credit tests Commercial Offer Test",
              "timedOut": null,
              "duration": 4749,
              "state": "failed",
              "speed": null,
              "pass": false,
              "fail": true,
              "pending": false,
              "context": null,
              "code": "cy.urlWebSite('/modify-offer');\ncy.pageTitle('Younited Credit');",
              "err": {
                "message": "AssertionError: Timed out retrying: expected 'https://fr-funnel.younited-credit.com/insurance/offers' to include '/modify-offer'",
                "estack": "AssertionError: Timed out retrying: expected 'https://fr-funnel.younited-credit.com/insurance/offers' to include '/modify-offer'\n    at Context.eval (https://www.younited-credit.com/__cypress/tests?p=cypress/support/index.js:204:12)",
                "diff": null
              },
              "uuid": "abb73901-4562-4cdd-a4fc-241c2547b46f",
              "parentUUID": "47731607-e055-43c0-b567-1d2e9f39dc3e",
              "isHook": false,
              "skipped": false
            }
          ],
          "suites": [],
          "passes": [
            "6ecbc533-18e9-4368-8a1b-99d9f2549ac2",
            "6a2e9936-1809-4b45-aa6f-0b21ca00fb99",
            "8658e4a3-0430-4289-af99-2e5c03ce77bb",
            "735dcdb7-7e25-4636-9c5d-2970bc2d25b8",
            "39cf449d-884c-4e9d-92f6-3fc6c8963a5d",
            "4110e306-916c-47ae-8cac-2d2818255d86",
            "e76e2d61-2917-4af3-a18a-8f16c70ed19e",
            "db390e71-803b-439c-9f6d-4bfe19e2c97e",
            "f2515200-84c3-4ac7-b1a2-42e551858498",
            "97c471ca-f4d6-4f63-a452-a1e34e0bb56e",
            "d2bab174-0d98-42ff-a8db-3aef394def79",
            "01e18ac2-e45d-494c-af45-9a9cf5ed1f94"
          ],
          "failures": [
            "da9bf01a-68fc-4eca-aada-833539eb47e7",
            "abb73901-4562-4cdd-a4fc-241c2547b46f"
          ],
          "pending": [],
          "skipped": [],
          "duration": 59416,
          "root": false,
          "rootEmpty": false,
          "_timeout": 2000
        }
      ],
      "passes": [],
      "failures": [],
      "pending": [],
      "skipped": [],
      "duration": 0,
      "root": true,
      "rootEmpty": true,
      "_timeout": 2000
    },
    {
      "uuid": "a3fc7166-7a7e-4d70-aa03-790be7a0b80e",
      "title": "",
      "fullFile": "cypress/integration/younited_credit_test/cas_de_test_pacs/younited_pacs_tests.spec.js",
      "file": "cypress/integration/younited_credit_test/cas_de_test_pacs/younited_pacs_tests.spec.js",
      "beforeHooks": [],
      "afterHooks": [],
      "tests": [],
      "suites": [
        {
          "uuid": "e1288edd-0c45-4a71-9442-38ff4885244b",
          "title": "Single credit tests",
          "fullFile": "",
          "file": "",
          "beforeHooks": [],
          "afterHooks": [],
          "tests": [
            {
              "title": "landing page",
              "fullTitle": "Single credit tests landing page",
              "timedOut": null,
              "duration": 9832,
              "state": "passed",
              "speed": "slow",
              "pass": true,
              "fail": false,
              "pending": false,
              "context": null,
              "code": "cy.landingchooseUser(profile.projectSelect, profile.amount, profile.creditMaturity);\ncy.buttonClick('CONTINUER');",
              "err": {},
              "uuid": "c18410b9-fe77-4d25-9296-a1d927ab21ee",
              "parentUUID": "e1288edd-0c45-4a71-9442-38ff4885244b",
              "isHook": false,
              "skipped": false
            },
            {
              "title": "Email page",
              "fullTitle": "Single credit tests Email page",
              "timedOut": null,
              "duration": 5923,
              "state": "passed",
              "speed": "slow",
              "pass": true,
              "fail": false,
              "pending": false,
              "context": null,
              "code": "cy.urlWebSite('/email');\ncy.pageTitle('Younited Credit');\ncy.emailUser(profile.email);\ncy.get('div').should('have.class', 'wrapper-input input-wrapper--valid');\ncy.buttonClick('Voir mon offre personnalisée');",
              "err": {},
              "uuid": "010e74cd-61d2-472a-8398-5e582293e6f1",
              "parentUUID": "e1288edd-0c45-4a71-9442-38ff4885244b",
              "isHook": false,
              "skipped": false
            },
            {
              "title": "Family situation page",
              "fullTitle": "Single credit tests Family situation page",
              "timedOut": null,
              "duration": 2530,
              "state": "passed",
              "speed": "slow",
              "pass": true,
              "fail": false,
              "pending": false,
              "context": null,
              "code": "cy.urlWebSite('/familysituation');\ncy.pageTitle('Younited Credit');\ncy.familySituationUser(profile.maritalStatus, profile.childNumber);\ncy.get('[type=\"checkbox\"]').uncheck({\n  force: true\n});\ncy.buttonClick('Suite');",
              "err": {},
              "uuid": "504ce96b-f278-4dba-8c21-373e4ed27c30",
              "parentUUID": "e1288edd-0c45-4a71-9442-38ff4885244b",
              "isHook": false,
              "skipped": false
            },
            {
              "title": "House page",
              "fullTitle": "Single credit tests House page",
              "timedOut": null,
              "duration": 3581,
              "state": "passed",
              "speed": "slow",
              "pass": true,
              "fail": false,
              "pending": false,
              "context": null,
              "code": "cy.urlWebSite('/housing');\ncy.pageTitle('Younited Credit');\ncy.housingStatusUser(profile.housingStatus, profile.housingStatusMouth, profile.housingStatusYear);\ncy.get('[type=\"checkbox\"]').uncheck({\n  force: true\n});\ncy.buttonClick('Suite');",
              "err": {},
              "uuid": "d3cc1ad8-ad2a-4b98-bacb-4147ed2e371c",
              "parentUUID": "e1288edd-0c45-4a71-9442-38ff4885244b",
              "isHook": false,
              "skipped": false
            },
            {
              "title": "Professional situation Test",
              "fullTitle": "Single credit tests Professional situation Test",
              "timedOut": null,
              "duration": 2182,
              "state": "passed",
              "speed": "slow",
              "pass": true,
              "fail": false,
              "pending": false,
              "context": null,
              "code": "cy.urlWebSite('/professionalsituation');\ncy.pageTitle('Younited Credit');\ncy.activityPacsUser(profile.activitySector, profile.profession, profile.pensionFromMouth, profile.pensionFromYear);\ncy.get('#ISCOMPANYBANKRUPT_FALSE').check({\n  force: true\n}).should('be.checked');\ncy.buttonClick('Suite');",
              "err": {},
              "uuid": "5bdd8045-a3ba-4d6a-a698-a7c760514e81",
              "parentUUID": "e1288edd-0c45-4a71-9442-38ff4885244b",
              "isHook": false,
              "skipped": false
            },
            {
              "title": "Partner Activity Sector Test",
              "fullTitle": "Single credit tests Partner Activity Sector Test",
              "timedOut": null,
              "duration": 1192,
              "state": "failed",
              "speed": null,
              "pass": false,
              "fail": true,
              "pending": false,
              "context": null,
              "code": "cy.urlWebSite('/partnerprofession');\ncy.pageTitle('Younited Credit');\ncy.partnerActivityPacsUser(profile.partnerActivitySector, profile.partnerProfession, profile.partnerPensionFromMouth, profile.partnerPensionFromYear);\ncy.buttonClick('Suite');",
              "err": {
                "message": "ReferenceError: activitySector is not defined",
                "estack": "ReferenceError: activitySector is not defined\n    at Context.eval (https://www.younited-credit.com/__cypress/tests?p=cypress/support/index.js:79:49)",
                "diff": null
              },
              "uuid": "0de94456-89c0-48df-8fb6-e5a4717fbc9b",
              "parentUUID": "e1288edd-0c45-4a71-9442-38ff4885244b",
              "isHook": false,
              "skipped": false
            },
            {
              "title": "Main Income Test",
              "fullTitle": "Single credit tests Main Income Test",
              "timedOut": null,
              "duration": 4553,
              "state": "failed",
              "speed": null,
              "pass": false,
              "fail": true,
              "pending": false,
              "context": null,
              "code": "cy.urlWebSite('/incomes');\ncy.pageTitle('Younited Credit');\ncy.partnerIncomMariedUser(profile.mainIncome, profile.coIncome, profile.housingAssistance, profile.additionalIncome);\ncy.buttonClick('Suite');",
              "err": {
                "message": "AssertionError: Timed out retrying: expected 'https://fr-funnel.younited-credit.com/partnerprofession' to include '/incomes'",
                "estack": "AssertionError: Timed out retrying: expected 'https://fr-funnel.younited-credit.com/partnerprofession' to include '/incomes'\n    at Context.eval (https://www.younited-credit.com/__cypress/tests?p=cypress/support/index.js:204:12)",
                "diff": null
              },
              "uuid": "8014b71b-6f96-4a26-bb56-1bac33381943",
              "parentUUID": "e1288edd-0c45-4a71-9442-38ff4885244b",
              "isHook": false,
              "skipped": false
            },
            {
              "title": "Rent Amount Test",
              "fullTitle": "Single credit tests Rent Amount Test",
              "timedOut": null,
              "duration": 4567,
              "state": "failed",
              "speed": null,
              "pass": false,
              "fail": true,
              "pending": false,
              "context": null,
              "code": "cy.urlWebSite('/outcomes');\ncy.pageTitle('Younited Credit');\ncy.outcomeMariedUser(profile.rentAmount, profile.childSupportPaymentsAmount, profile.childCareExpensesAmount, profile.loanCount);\ncy.buttonClick('Suite');",
              "err": {
                "message": "AssertionError: Timed out retrying: expected 'https://fr-funnel.younited-credit.com/partnerprofession' to include '/outcomes'",
                "estack": "AssertionError: Timed out retrying: expected 'https://fr-funnel.younited-credit.com/partnerprofession' to include '/outcomes'\n    at Context.eval (https://www.younited-credit.com/__cypress/tests?p=cypress/support/index.js:204:12)",
                "diff": null
              },
              "uuid": "db022912-e24a-459f-bbeb-a9205e89ee92",
              "parentUUID": "e1288edd-0c45-4a71-9442-38ff4885244b",
              "isHook": false,
              "skipped": false
            },
            {
              "title": "Bank Test",
              "fullTitle": "Single credit tests Bank Test",
              "timedOut": null,
              "duration": 4588,
              "state": "failed",
              "speed": null,
              "pass": false,
              "fail": true,
              "pending": false,
              "context": null,
              "code": "cy.urlWebSite('/bank');\ncy.pageTitle('Younited Credit');\ncy.bankUser(profile.bankCode, profile.bankFromYear);\ncy.buttonClick('Suite');",
              "err": {
                "message": "AssertionError: Timed out retrying: expected 'https://fr-funnel.younited-credit.com/partnerprofession' to include '/bank'",
                "estack": "AssertionError: Timed out retrying: expected 'https://fr-funnel.younited-credit.com/partnerprofession' to include '/bank'\n    at Context.eval (https://www.younited-credit.com/__cypress/tests?p=cypress/support/index.js:204:12)",
                "diff": null
              },
              "uuid": "612232b2-beac-465e-b3b4-764c3b3be7dd",
              "parentUUID": "e1288edd-0c45-4a71-9442-38ff4885244b",
              "isHook": false,
              "skipped": false
            },
            {
              "title": "Identity Test",
              "fullTitle": "Single credit tests Identity Test",
              "timedOut": null,
              "duration": 5072,
              "state": "failed",
              "speed": null,
              "pass": false,
              "fail": true,
              "pending": false,
              "context": null,
              "code": "cy.urlWebSite('/identity');\ncy.pageTitle('Younited Credit');\ncy.identityUser(profile.gender, profile.lastName, profile.firstName, profile.dateOfBirthDay, profile.dateOfBirthMouth, profile.dateOfBirthYear, profile.postalCode, profile.city);\ncy.buttonClick('Suite');",
              "err": {
                "message": "AssertionError: Timed out retrying: expected 'https://fr-funnel.younited-credit.com/partnerprofession' to include '/identity'",
                "estack": "AssertionError: Timed out retrying: expected 'https://fr-funnel.younited-credit.com/partnerprofession' to include '/identity'\n    at Context.eval (https://www.younited-credit.com/__cypress/tests?p=cypress/support/index.js:204:12)",
                "diff": null
              },
              "uuid": "504c2663-b6d6-4782-aac9-2381000b67ae",
              "parentUUID": "e1288edd-0c45-4a71-9442-38ff4885244b",
              "isHook": false,
              "skipped": false
            },
            {
              "title": "Partner Identity Test",
              "fullTitle": "Single credit tests Partner Identity Test",
              "timedOut": null,
              "duration": 4988,
              "state": "failed",
              "speed": null,
              "pass": false,
              "fail": true,
              "pending": false,
              "context": null,
              "code": "cy.urlWebSite('/partneridentity');\ncy.pageTitle('Younited Credit');\ncy.identityPartnerPacsUser(profile.partnerGender, profile.partnerLastName, profile.partnerFirstName, profile.partnerDateOfBirthDay, profile.partnerDateOfBirthMouth, profile.partnerDateOfBirthYear, profile.partnerPostalCode, profile.partnerCity);\ncy.buttonClick('Suite');",
              "err": {
                "message": "AssertionError: Timed out retrying: expected 'https://fr-funnel.younited-credit.com/partnerprofession' to include '/partneridentity'",
                "estack": "AssertionError: Timed out retrying: expected 'https://fr-funnel.younited-credit.com/partnerprofession' to include '/partneridentity'\n    at Context.eval (https://www.younited-credit.com/__cypress/tests?p=cypress/support/index.js:204:12)",
                "diff": null
              },
              "uuid": "824817ae-63a9-4079-8aae-ea5368e3d8cd",
              "parentUUID": "e1288edd-0c45-4a71-9442-38ff4885244b",
              "isHook": false,
              "skipped": false
            },
            {
              "title": "Identity Test",
              "fullTitle": "Single credit tests Identity Test",
              "timedOut": null,
              "duration": 4766,
              "state": "failed",
              "speed": null,
              "pass": false,
              "fail": true,
              "pending": false,
              "context": null,
              "code": "cy.urlWebSite('/contact');\ncy.pageTitle('Younited Credit');\ncy.contactUser(profile.cellPhoneNumber, profile.phoneNumber, profile.address, profile.postalCode, profile.city, profile.countryZone);\ncy.buttonClick('Suite');",
              "err": {
                "message": "AssertionError: Timed out retrying: expected 'https://fr-funnel.younited-credit.com/partnerprofession' to include '/contact'",
                "estack": "AssertionError: Timed out retrying: expected 'https://fr-funnel.younited-credit.com/partnerprofession' to include '/contact'\n    at Context.eval (https://www.younited-credit.com/__cypress/tests?p=cypress/support/index.js:204:12)",
                "diff": null
              },
              "uuid": "0e5ba484-dda2-4a5f-a1f1-9e1caad85fdd",
              "parentUUID": "e1288edd-0c45-4a71-9442-38ff4885244b",
              "isHook": false,
              "skipped": false
            },
            {
              "title": "Assurance Test",
              "fullTitle": "Single credit tests Assurance Test",
              "timedOut": null,
              "duration": 4574,
              "state": "failed",
              "speed": null,
              "pass": false,
              "fail": true,
              "pending": false,
              "context": null,
              "code": "cy.urlWebSite('/offers');\ncy.pageTitle('Younited Credit');\ncy.insuranceUser(profile.insurance_subscribers);\ncy.buttonClick('Suite');",
              "err": {
                "message": "AssertionError: Timed out retrying: expected 'https://fr-funnel.younited-credit.com/partnerprofession' to include '/offers'",
                "estack": "AssertionError: Timed out retrying: expected 'https://fr-funnel.younited-credit.com/partnerprofession' to include '/offers'\n    at Context.eval (https://www.younited-credit.com/__cypress/tests?p=cypress/support/index.js:204:12)",
                "diff": null
              },
              "uuid": "1f8ea381-f045-42d9-b96b-c8c02df4b853",
              "parentUUID": "e1288edd-0c45-4a71-9442-38ff4885244b",
              "isHook": false,
              "skipped": false
            },
            {
              "title": "Whithout Assurance Test",
              "fullTitle": "Single credit tests Whithout Assurance Test",
              "timedOut": null,
              "duration": 4721,
              "state": "failed",
              "speed": null,
              "pass": false,
              "fail": true,
              "pending": false,
              "context": null,
              "code": "cy.buttonClick('Continuer sans assurance');",
              "err": {
                "message": "AssertionError: Timed out retrying: Expected to find content: 'Continuer sans assurance' but never did.",
                "estack": "AssertionError: Timed out retrying: Expected to find content: 'Continuer sans assurance' but never did.\n    at Context.eval (https://www.younited-credit.com/__cypress/tests?p=cypress/support/index.js:201:6)",
                "diff": null
              },
              "uuid": "0f3506f3-8673-4e2d-8fcd-10aa2cd08d2d",
              "parentUUID": "e1288edd-0c45-4a71-9442-38ff4885244b",
              "isHook": false,
              "skipped": false
            },
            {
              "title": "Commercial Offer Test",
              "fullTitle": "Single credit tests Commercial Offer Test",
              "timedOut": null,
              "duration": 4623,
              "state": "failed",
              "speed": null,
              "pass": false,
              "fail": true,
              "pending": false,
              "context": null,
              "code": "cy.urlWebSite('/modify-offer');\ncy.pageTitle('Younited Credit');",
              "err": {
                "message": "AssertionError: Timed out retrying: expected 'https://fr-funnel.younited-credit.com/partnerprofession' to include '/modify-offer'",
                "estack": "AssertionError: Timed out retrying: expected 'https://fr-funnel.younited-credit.com/partnerprofession' to include '/modify-offer'\n    at Context.eval (https://www.younited-credit.com/__cypress/tests?p=cypress/support/index.js:204:12)",
                "diff": null
              },
              "uuid": "fb497141-c681-453d-9716-554b83ac946f",
              "parentUUID": "e1288edd-0c45-4a71-9442-38ff4885244b",
              "isHook": false,
              "skipped": false
            }
          ],
          "suites": [],
          "passes": [
            "c18410b9-fe77-4d25-9296-a1d927ab21ee",
            "010e74cd-61d2-472a-8398-5e582293e6f1",
            "504ce96b-f278-4dba-8c21-373e4ed27c30",
            "d3cc1ad8-ad2a-4b98-bacb-4147ed2e371c",
            "5bdd8045-a3ba-4d6a-a698-a7c760514e81"
          ],
          "failures": [
            "0de94456-89c0-48df-8fb6-e5a4717fbc9b",
            "8014b71b-6f96-4a26-bb56-1bac33381943",
            "db022912-e24a-459f-bbeb-a9205e89ee92",
            "612232b2-beac-465e-b3b4-764c3b3be7dd",
            "504c2663-b6d6-4782-aac9-2381000b67ae",
            "824817ae-63a9-4079-8aae-ea5368e3d8cd",
            "0e5ba484-dda2-4a5f-a1f1-9e1caad85fdd",
            "1f8ea381-f045-42d9-b96b-c8c02df4b853",
            "0f3506f3-8673-4e2d-8fcd-10aa2cd08d2d",
            "fb497141-c681-453d-9716-554b83ac946f"
          ],
          "pending": [],
          "skipped": [],
          "duration": 67692,
          "root": false,
          "rootEmpty": false,
          "_timeout": 2000
        }
      ],
      "passes": [],
      "failures": [],
      "pending": [],
      "skipped": [],
      "duration": 0,
      "root": true,
      "rootEmpty": true,
      "_timeout": 2000
    },
    {
      "uuid": "c554df0d-70c7-457b-a822-285f02b506c2",
      "title": "",
      "fullFile": "cypress/integration/younited_credit_test/cas_de_test_celibataire/younited_single_tests.spec.js",
      "file": "cypress/integration/younited_credit_test/cas_de_test_celibataire/younited_single_tests.spec.js",
      "beforeHooks": [],
      "afterHooks": [],
      "tests": [],
      "suites": [
        {
          "uuid": "e6c29438-0654-4928-8cbd-65b26bfcac32",
          "title": "Single credit tests",
          "fullFile": "",
          "file": "",
          "beforeHooks": [],
          "afterHooks": [],
          "tests": [
            {
              "title": "landing page",
              "fullTitle": "Single credit tests landing page",
              "timedOut": null,
              "duration": 9290,
              "state": "passed",
              "speed": "slow",
              "pass": true,
              "fail": false,
              "pending": false,
              "context": null,
              "code": "cy.landingchooseUser(profile.projectSelect, profile.amount, profile.creditMaturity);\ncy.buttonClick('CONTINUER');",
              "err": {},
              "uuid": "4a20e9f9-0e71-413e-adf1-bf0cf79ef47b",
              "parentUUID": "e6c29438-0654-4928-8cbd-65b26bfcac32",
              "isHook": false,
              "skipped": false
            },
            {
              "title": "Email page",
              "fullTitle": "Single credit tests Email page",
              "timedOut": null,
              "duration": 6674,
              "state": "passed",
              "speed": "slow",
              "pass": true,
              "fail": false,
              "pending": false,
              "context": null,
              "code": "cy.urlWebSite('/email');\ncy.pageTitle('Younited Credit');\ncy.emailUser(profile.email);\ncy.get('div').should('have.class', 'wrapper-input input-wrapper--valid');\ncy.buttonClick('Voir mon offre personnalisée');",
              "err": {},
              "uuid": "3c3adf22-7646-4df1-87da-3ab61102818c",
              "parentUUID": "e6c29438-0654-4928-8cbd-65b26bfcac32",
              "isHook": false,
              "skipped": false
            },
            {
              "title": "Family situation page",
              "fullTitle": "Single credit tests Family situation page",
              "timedOut": null,
              "duration": 1977,
              "state": "passed",
              "speed": "slow",
              "pass": true,
              "fail": false,
              "pending": false,
              "context": null,
              "code": "cy.urlWebSite('/familysituation');\ncy.pageTitle('Younited Credit');\ncy.familySituationUser(profile.maritalStatus, profile.childNumber);\ncy.get('[type=\"checkbox\"]').uncheck({\n  force: true\n});\ncy.buttonClick('Suite');",
              "err": {},
              "uuid": "f41b7dcd-b541-475a-a1b9-1e9e57427fe0",
              "parentUUID": "e6c29438-0654-4928-8cbd-65b26bfcac32",
              "isHook": false,
              "skipped": false
            },
            {
              "title": "House page",
              "fullTitle": "Single credit tests House page",
              "timedOut": null,
              "duration": 1164,
              "state": "passed",
              "speed": "slow",
              "pass": true,
              "fail": false,
              "pending": false,
              "context": null,
              "code": "cy.urlWebSite('/housing');\ncy.pageTitle('Younited Credit');\ncy.housingStatusUser(profile.housingStatus, profile.housingStatusMouth, profile.housingStatusYear);\ncy.get('[type=\"checkbox\"]').uncheck({\n  force: true\n});\ncy.buttonClick('Suite');",
              "err": {},
              "uuid": "90fbcfbf-c5f2-453e-b4b3-48ff420b8da4",
              "parentUUID": "e6c29438-0654-4928-8cbd-65b26bfcac32",
              "isHook": false,
              "skipped": false
            },
            {
              "title": "Professional situation Test",
              "fullTitle": "Single credit tests Professional situation Test",
              "timedOut": null,
              "duration": 1447,
              "state": "passed",
              "speed": "slow",
              "pass": true,
              "fail": false,
              "pending": false,
              "context": null,
              "code": "cy.urlWebSite('/professionalsituation');\ncy.pageTitle('Younited Credit');\ncy.activitySingleUser(profile.activitySector, profile.profession, profile.businessActivityStartDateMouth, profile.businessActivityStartDateYear);\ncy.get('#ISCOMPANYBANKRUPT_FALSE').check({\n  force: true\n}).should('be.checked');\ncy.buttonClick('Suite');",
              "err": {},
              "uuid": "6a4bb32f-8946-4956-90ba-e891b943bde9",
              "parentUUID": "e6c29438-0654-4928-8cbd-65b26bfcac32",
              "isHook": false,
              "skipped": false
            },
            {
              "title": "Main Income Test",
              "fullTitle": "Single credit tests Main Income Test",
              "timedOut": null,
              "duration": 1990,
              "state": "passed",
              "speed": "slow",
              "pass": true,
              "fail": false,
              "pending": false,
              "context": null,
              "code": "cy.urlWebSite('/incomes');\ncy.pageTitle('Younited Credit');\ncy.incomUser(profile.mainIncome, profile.housingAssistance, profile.additionalIncome);\ncy.buttonClick('Suite');",
              "err": {},
              "uuid": "b9447753-c4b0-492c-a0c1-ffb6be95e502",
              "parentUUID": "e6c29438-0654-4928-8cbd-65b26bfcac32",
              "isHook": false,
              "skipped": false
            },
            {
              "title": "Rent Amount Test",
              "fullTitle": "Single credit tests Rent Amount Test",
              "timedOut": null,
              "duration": 2761,
              "state": "passed",
              "speed": "slow",
              "pass": true,
              "fail": false,
              "pending": false,
              "context": null,
              "code": "cy.urlWebSite('/outcomes');\ncy.pageTitle('Younited Credit');\ncy.outcomeUser(profile.rentAmount, profile.loanCount, profile.type, profile.loanAmount);\ncy.buttonClick('Suite');",
              "err": {},
              "uuid": "15f3da9c-a7e2-4417-9bb9-36447f7ef5d7",
              "parentUUID": "e6c29438-0654-4928-8cbd-65b26bfcac32",
              "isHook": false,
              "skipped": false
            },
            {
              "title": "Bank Test",
              "fullTitle": "Single credit tests Bank Test",
              "timedOut": null,
              "duration": 1818,
              "state": "passed",
              "speed": "slow",
              "pass": true,
              "fail": false,
              "pending": false,
              "context": null,
              "code": "cy.urlWebSite('/bank');\ncy.pageTitle('Younited Credit');\ncy.bankUser(profile.bankCode, profile.bankFromYear);\ncy.buttonClick('Suite');",
              "err": {},
              "uuid": "5e6d7488-2785-4e4e-9fb7-ff83fcf87da9",
              "parentUUID": "e6c29438-0654-4928-8cbd-65b26bfcac32",
              "isHook": false,
              "skipped": false
            },
            {
              "title": "Identity Test",
              "fullTitle": "Single credit tests Identity Test",
              "timedOut": null,
              "duration": 6611,
              "state": "passed",
              "speed": "slow",
              "pass": true,
              "fail": false,
              "pending": false,
              "context": null,
              "code": "cy.urlWebSite('/identity');\ncy.pageTitle('Younited Credit');\ncy.identityUser(profile.gender, profile.lastName, profile.firstName, profile.dateOfBirthDay, profile.dateOfBirthMouth, profile.dateOfBirthYear, profile.postalCode, profile.city);\ncy.buttonClick('Suite');",
              "err": {},
              "uuid": "9ef3dda5-6e3b-47d1-bf39-06a656cbe93a",
              "parentUUID": "e6c29438-0654-4928-8cbd-65b26bfcac32",
              "isHook": false,
              "skipped": false
            },
            {
              "title": "Identity Test",
              "fullTitle": "Single credit tests Identity Test",
              "timedOut": null,
              "duration": 14504,
              "state": "passed",
              "speed": "slow",
              "pass": true,
              "fail": false,
              "pending": false,
              "context": null,
              "code": "cy.urlWebSite('/contact');\ncy.pageTitle('Younited Credit');\ncy.contactUser(profile.cellPhoneNumber, profile.phoneNumber, profile.address, profile.postalCode, profile.city, profile.countryZone);\ncy.buttonClick('Suite');",
              "err": {},
              "uuid": "30797fff-cf3e-419d-a6b7-84b471d0aeb3",
              "parentUUID": "e6c29438-0654-4928-8cbd-65b26bfcac32",
              "isHook": false,
              "skipped": false
            },
            {
              "title": "Assurance Test",
              "fullTitle": "Single credit tests Assurance Test",
              "timedOut": null,
              "duration": 4711,
              "state": "passed",
              "speed": "slow",
              "pass": true,
              "fail": false,
              "pending": false,
              "context": null,
              "code": "cy.urlWebSite('/offers');\ncy.pageTitle('Younited Credit');\ncy.insuranceUser(profile.insurance_subscribers);\ncy.buttonClick('Suite');",
              "err": {},
              "uuid": "f67509e5-95c4-4c54-b5bc-6cf6094e066c",
              "parentUUID": "e6c29438-0654-4928-8cbd-65b26bfcac32",
              "isHook": false,
              "skipped": false
            },
            {
              "title": "Commercial Offer Test",
              "fullTitle": "Single credit tests Commercial Offer Test",
              "timedOut": null,
              "duration": 5058,
              "state": "failed",
              "speed": null,
              "pass": false,
              "fail": true,
              "pending": false,
              "context": null,
              "code": "cy.urlWebSite('/modify-offer');\ncy.pageTitle('Younited Credit');",
              "err": {
                "message": "AssertionError: Timed out retrying: expected 'https://fr-funnel.younited-credit.com/offers/proactivedebtconsolidation/choice' to include '/modify-offer'",
                "estack": "AssertionError: Timed out retrying: expected 'https://fr-funnel.younited-credit.com/offers/proactivedebtconsolidation/choice' to include '/modify-offer'\n    at Context.eval (https://www.younited-credit.com/__cypress/tests?p=cypress/support/index.js:204:12)",
                "diff": null
              },
              "uuid": "d2ecd4e2-9f19-407a-a793-86c6c935f896",
              "parentUUID": "e6c29438-0654-4928-8cbd-65b26bfcac32",
              "isHook": false,
              "skipped": false
            }
          ],
          "suites": [],
          "passes": [
            "4a20e9f9-0e71-413e-adf1-bf0cf79ef47b",
            "3c3adf22-7646-4df1-87da-3ab61102818c",
            "f41b7dcd-b541-475a-a1b9-1e9e57427fe0",
            "90fbcfbf-c5f2-453e-b4b3-48ff420b8da4",
            "6a4bb32f-8946-4956-90ba-e891b943bde9",
            "b9447753-c4b0-492c-a0c1-ffb6be95e502",
            "15f3da9c-a7e2-4417-9bb9-36447f7ef5d7",
            "5e6d7488-2785-4e4e-9fb7-ff83fcf87da9",
            "9ef3dda5-6e3b-47d1-bf39-06a656cbe93a",
            "30797fff-cf3e-419d-a6b7-84b471d0aeb3",
            "f67509e5-95c4-4c54-b5bc-6cf6094e066c"
          ],
          "failures": [
            "d2ecd4e2-9f19-407a-a793-86c6c935f896"
          ],
          "pending": [],
          "skipped": [],
          "duration": 58005,
          "root": false,
          "rootEmpty": false,
          "_timeout": 2000
        }
      ],
      "passes": [],
      "failures": [],
      "pending": [],
      "skipped": [],
      "duration": 0,
      "root": true,
      "rootEmpty": true,
      "_timeout": 2000
    }
  ],
  "meta": {
    "mocha": {
      "version": "7.0.1"
    },
    "mochawesome": {
      "options": {
        "quiet": false,
        "reportFilename": "mochawesome",
        "saveHtml": false,
        "saveJson": true,
        "consoleReporter": "spec",
        "useInlineDiffs": false,
        "code": true
      },
      "version": "6.1.1"
    },
    "marge": {
      "options": {
        "reportDir": "cypress/results",
        "overwrite": false,
        "html": false,
        "json": true
      },
      "version": "5.1.0"
    }
  }
}