{
  "stats": {
    "suites": 1,
    "tests": 14,
    "passes": 12,
    "pending": 0,
    "failures": 2,
    "start": "2020-07-21T08:54:39.775Z",
    "end": "2020-07-21T08:55:43.224Z",
    "duration": 63449,
    "testsRegistered": 14,
    "passPercent": 85.71428571428571,
    "pendingPercent": 0,
    "other": 0,
    "hasOther": false,
    "skipped": 0,
    "hasSkipped": false
  },
  "results": [
    {
      "uuid": "b4d6e261-ffc5-4dec-9318-20a7bb8a6090",
      "title": "",
      "fullFile": "cypress/integration/younited_credit_test/cas_de_test_marie/younited_marie_tests.spec.js",
      "file": "cypress/integration/younited_credit_test/cas_de_test_marie/younited_marie_tests.spec.js",
      "beforeHooks": [],
      "afterHooks": [],
      "tests": [],
      "suites": [
        {
          "uuid": "47731607-e055-43c0-b567-1d2e9f39dc3e",
          "title": "Single credit tests",
          "fullFile": "",
          "file": "",
          "beforeHooks": [],
          "afterHooks": [],
          "tests": [
            {
              "title": "landing page",
              "fullTitle": "Single credit tests landing page",
              "timedOut": null,
              "duration": 9144,
              "state": "passed",
              "speed": "slow",
              "pass": true,
              "fail": false,
              "pending": false,
              "context": null,
              "code": "cy.landingchooseUser(profile.projectSelect, profile.amount, profile.creditMaturity);\ncy.buttonClick('CONTINUER');",
              "err": {},
              "uuid": "6ecbc533-18e9-4368-8a1b-99d9f2549ac2",
              "parentUUID": "47731607-e055-43c0-b567-1d2e9f39dc3e",
              "isHook": false,
              "skipped": false
            },
            {
              "title": "Email page",
              "fullTitle": "Single credit tests Email page",
              "timedOut": null,
              "duration": 5736,
              "state": "passed",
              "speed": "slow",
              "pass": true,
              "fail": false,
              "pending": false,
              "context": null,
              "code": "cy.urlWebSite('/email');\ncy.pageTitle('Younited Credit');\ncy.emailUser(profile.email);\ncy.get('div').should('have.class', 'wrapper-input input-wrapper--valid');\ncy.buttonClick('Voir mon offre personnalisée');",
              "err": {},
              "uuid": "6a2e9936-1809-4b45-aa6f-0b21ca00fb99",
              "parentUUID": "47731607-e055-43c0-b567-1d2e9f39dc3e",
              "isHook": false,
              "skipped": false
            },
            {
              "title": "Family situation page",
              "fullTitle": "Single credit tests Family situation page",
              "timedOut": null,
              "duration": 2266,
              "state": "passed",
              "speed": "slow",
              "pass": true,
              "fail": false,
              "pending": false,
              "context": null,
              "code": "cy.urlWebSite('/familysituation');\ncy.pageTitle('Younited Credit');\ncy.familySituationUser(profile.maritalStatus, profile.childNumber);\ncy.get('[type=\"checkbox\"]').uncheck({\n  force: true\n});\ncy.buttonClick('Suite');",
              "err": {},
              "uuid": "8658e4a3-0430-4289-af99-2e5c03ce77bb",
              "parentUUID": "47731607-e055-43c0-b567-1d2e9f39dc3e",
              "isHook": false,
              "skipped": false
            },
            {
              "title": "House page",
              "fullTitle": "Single credit tests House page",
              "timedOut": null,
              "duration": 1487,
              "state": "passed",
              "speed": "slow",
              "pass": true,
              "fail": false,
              "pending": false,
              "context": null,
              "code": "cy.urlWebSite('/housing');\ncy.pageTitle('Younited Credit');\ncy.housingStatusUser(profile.housingStatus, profile.housingStatusMouth, profile.housingStatusYear);\ncy.get('[type=\"checkbox\"]').uncheck({\n  force: true\n});\ncy.buttonClick('Suite');",
              "err": {},
              "uuid": "735dcdb7-7e25-4636-9c5d-2970bc2d25b8",
              "parentUUID": "47731607-e055-43c0-b567-1d2e9f39dc3e",
              "isHook": false,
              "skipped": false
            },
            {
              "title": "Professional situation Test",
              "fullTitle": "Single credit tests Professional situation Test",
              "timedOut": null,
              "duration": 2566,
              "state": "passed",
              "speed": "slow",
              "pass": true,
              "fail": false,
              "pending": false,
              "context": null,
              "code": "cy.urlWebSite('/professionalsituation');\ncy.pageTitle('Younited Credit');\ncy.activityMariedUser(profile.activitySector, profile.profession, profile.contractType, profile.employedFromMouth, profile.employedFromYear, profile.contractType);\ncy.get('#ISCOMPANYBANKRUPT_FALSE').check({\n  force: true\n}).should('be.checked');\ncy.buttonClick('Suite');",
              "err": {},
              "uuid": "39cf449d-884c-4e9d-92f6-3fc6c8963a5d",
              "parentUUID": "47731607-e055-43c0-b567-1d2e9f39dc3e",
              "isHook": false,
              "skipped": false
            },
            {
              "title": "Partner Activity Sector Test",
              "fullTitle": "Single credit tests Partner Activity Sector Test",
              "timedOut": null,
              "duration": 2691,
              "state": "passed",
              "speed": "slow",
              "pass": true,
              "fail": false,
              "pending": false,
              "context": null,
              "code": "cy.urlWebSite('/partnerprofession');\ncy.pageTitle('Younited Credit');\ncy.partnerActivityMariedUser(profile.partnerActivitySector, profile.partnerProfession, profile.partnerContractType, profile.partnerEmployedFromMouth, profile.partnerEmployedFromYear);\ncy.buttonClick('Suite');",
              "err": {},
              "uuid": "4110e306-916c-47ae-8cac-2d2818255d86",
              "parentUUID": "47731607-e055-43c0-b567-1d2e9f39dc3e",
              "isHook": false,
              "skipped": false
            },
            {
              "title": "Main Income Test",
              "fullTitle": "Single credit tests Main Income Test",
              "timedOut": null,
              "duration": 2684,
              "state": "passed",
              "speed": "slow",
              "pass": true,
              "fail": false,
              "pending": false,
              "context": null,
              "code": "cy.urlWebSite('/incomes');\ncy.pageTitle('Younited Credit');\ncy.partnerIncomMariedUser(profile.mainIncome, profile.housingAssistance, profile.additionalIncome, profile.coIncome);\ncy.buttonClick('Suite');",
              "err": {},
              "uuid": "e76e2d61-2917-4af3-a18a-8f16c70ed19e",
              "parentUUID": "47731607-e055-43c0-b567-1d2e9f39dc3e",
              "isHook": false,
              "skipped": false
            },
            {
              "title": "Rent Amount Test",
              "fullTitle": "Single credit tests Rent Amount Test",
              "timedOut": null,
              "duration": 2566,
              "state": "passed",
              "speed": "slow",
              "pass": true,
              "fail": false,
              "pending": false,
              "context": null,
              "code": "cy.urlWebSite('/outcomes');\ncy.pageTitle('Younited Credit');\ncy.outcomeMariedUser(profile.mortgageAmount, profile.childSupportPaymentsAmount, profile.childCareExpensesAmount, profile.loanCount);\ncy.buttonClick('Suite');",
              "err": {},
              "uuid": "db390e71-803b-439c-9f6d-4bfe19e2c97e",
              "parentUUID": "47731607-e055-43c0-b567-1d2e9f39dc3e",
              "isHook": false,
              "skipped": false
            },
            {
              "title": "Bank Test",
              "fullTitle": "Single credit tests Bank Test",
              "timedOut": null,
              "duration": 1519,
              "state": "passed",
              "speed": "slow",
              "pass": true,
              "fail": false,
              "pending": false,
              "context": null,
              "code": "cy.urlWebSite('/bank');\ncy.pageTitle('Younited Credit');\ncy.bankUser(profile.bankCode, profile.bankFromYear);\ncy.buttonClick('Suite');",
              "err": {},
              "uuid": "f2515200-84c3-4ac7-b1a2-42e551858498",
              "parentUUID": "47731607-e055-43c0-b567-1d2e9f39dc3e",
              "isHook": false,
              "skipped": false
            },
            {
              "title": "Identity Test",
              "fullTitle": "Single credit tests Identity Test",
              "timedOut": null,
              "duration": 5572,
              "state": "passed",
              "speed": "slow",
              "pass": true,
              "fail": false,
              "pending": false,
              "context": null,
              "code": "cy.urlWebSite('/identity');\ncy.pageTitle('Younited Credit');\ncy.identityUser(profile.gender, profile.lastName, profile.firstName, profile.dateOfBirthDay, profile.dateOfBirthMouth, profile.dateOfBirthYear, profile.postalCode, profile.city);\ncy.buttonClick('Suite');",
              "err": {},
              "uuid": "97c471ca-f4d6-4f63-a452-a1e34e0bb56e",
              "parentUUID": "47731607-e055-43c0-b567-1d2e9f39dc3e",
              "isHook": false,
              "skipped": false
            },
            {
              "title": "Partner Identity Test",
              "fullTitle": "Single credit tests Partner Identity Test",
              "timedOut": null,
              "duration": 5532,
              "state": "passed",
              "speed": "slow",
              "pass": true,
              "fail": false,
              "pending": false,
              "context": null,
              "code": "cy.urlWebSite('/partneridentity');\ncy.pageTitle('Younited Credit');\ncy.identityPartnerMariedUser(profile.partnerGender, profile.partnerLastName, profile.partnerMaidenName, profile.partnerFirstName, profile.partnerDateOfBirthDay, profile.partnerDateOfBirthMouth, profile.partnerDateOfBirthYear, profile.partnerPostalCode, profile.partnerCity);\ncy.buttonClick('Suite');",
              "err": {},
              "uuid": "d2bab174-0d98-42ff-a8db-3aef394def79",
              "parentUUID": "47731607-e055-43c0-b567-1d2e9f39dc3e",
              "isHook": false,
              "skipped": false
            },
            {
              "title": "Identity Test",
              "fullTitle": "Single credit tests Identity Test",
              "timedOut": null,
              "duration": 7122,
              "state": "passed",
              "speed": "slow",
              "pass": true,
              "fail": false,
              "pending": false,
              "context": null,
              "code": "cy.urlWebSite('/contact');\ncy.pageTitle('Younited Credit');\ncy.contactUser(profile.cellPhoneNumber, profile.phoneNumber, profile.address, profile.postalCode, profile.city, profile.countryZone);\ncy.buttonClick('Suite');",
              "err": {},
              "uuid": "01e18ac2-e45d-494c-af45-9a9cf5ed1f94",
              "parentUUID": "47731607-e055-43c0-b567-1d2e9f39dc3e",
              "isHook": false,
              "skipped": false
            },
            {
              "title": "Assurance Test",
              "fullTitle": "Single credit tests Assurance Test",
              "timedOut": null,
              "duration": 5782,
              "state": "failed",
              "speed": null,
              "pass": false,
              "fail": true,
              "pending": false,
              "context": null,
              "code": "cy.urlWebSite('/insurence/offers');\ncy.pageTitle('Younited Credit');\ncy.insuranceUser(profile.insurance_subscribers);\ncy.get('#INSURANCE-JOBLOSS_NO').check({\n  force: true\n}).should('be.checked');\ncy.buttonClick('Suite');",
              "err": {
                "message": "AssertionError: Timed out retrying: expected 'https://fr-funnel.younited-credit.com/insurance/offers' to include '/insurence/offers'",
                "estack": "AssertionError: Timed out retrying: expected 'https://fr-funnel.younited-credit.com/insurance/offers' to include '/insurence/offers'\n    at Context.eval (https://www.younited-credit.com/__cypress/tests?p=cypress/support/index.js:204:12)",
                "diff": null
              },
              "uuid": "da9bf01a-68fc-4eca-aada-833539eb47e7",
              "parentUUID": "47731607-e055-43c0-b567-1d2e9f39dc3e",
              "isHook": false,
              "skipped": false
            },
            {
              "title": "Commercial Offer Test",
              "fullTitle": "Single credit tests Commercial Offer Test",
              "timedOut": null,
              "duration": 4749,
              "state": "failed",
              "speed": null,
              "pass": false,
              "fail": true,
              "pending": false,
              "context": null,
              "code": "cy.urlWebSite('/modify-offer');\ncy.pageTitle('Younited Credit');",
              "err": {
                "message": "AssertionError: Timed out retrying: expected 'https://fr-funnel.younited-credit.com/insurance/offers' to include '/modify-offer'",
                "estack": "AssertionError: Timed out retrying: expected 'https://fr-funnel.younited-credit.com/insurance/offers' to include '/modify-offer'\n    at Context.eval (https://www.younited-credit.com/__cypress/tests?p=cypress/support/index.js:204:12)",
                "diff": null
              },
              "uuid": "abb73901-4562-4cdd-a4fc-241c2547b46f",
              "parentUUID": "47731607-e055-43c0-b567-1d2e9f39dc3e",
              "isHook": false,
              "skipped": false
            }
          ],
          "suites": [],
          "passes": [
            "6ecbc533-18e9-4368-8a1b-99d9f2549ac2",
            "6a2e9936-1809-4b45-aa6f-0b21ca00fb99",
            "8658e4a3-0430-4289-af99-2e5c03ce77bb",
            "735dcdb7-7e25-4636-9c5d-2970bc2d25b8",
            "39cf449d-884c-4e9d-92f6-3fc6c8963a5d",
            "4110e306-916c-47ae-8cac-2d2818255d86",
            "e76e2d61-2917-4af3-a18a-8f16c70ed19e",
            "db390e71-803b-439c-9f6d-4bfe19e2c97e",
            "f2515200-84c3-4ac7-b1a2-42e551858498",
            "97c471ca-f4d6-4f63-a452-a1e34e0bb56e",
            "d2bab174-0d98-42ff-a8db-3aef394def79",
            "01e18ac2-e45d-494c-af45-9a9cf5ed1f94"
          ],
          "failures": [
            "da9bf01a-68fc-4eca-aada-833539eb47e7",
            "abb73901-4562-4cdd-a4fc-241c2547b46f"
          ],
          "pending": [],
          "skipped": [],
          "duration": 59416,
          "root": false,
          "rootEmpty": false,
          "_timeout": 2000
        }
      ],
      "passes": [],
      "failures": [],
      "pending": [],
      "skipped": [],
      "duration": 0,
      "root": true,
      "rootEmpty": true,
      "_timeout": 2000
    }
  ],
  "meta": {
    "mocha": {
      "version": "7.0.1"
    },
    "mochawesome": {
      "options": {
        "quiet": false,
        "reportFilename": "mochawesome",
        "saveHtml": false,
        "saveJson": true,
        "consoleReporter": "spec",
        "useInlineDiffs": false,
        "code": true
      },
      "version": "6.1.1"
    },
    "marge": {
      "options": {
        "reportDir": "cypress/results",
        "overwrite": false,
        "html": false,
        "json": true
      },
      "version": "5.1.0"
    }
  }
}