{
  "stats": {
    "suites": 1,
    "tests": 12,
    "passes": 11,
    "pending": 0,
    "failures": 1,
    "start": "2020-07-21T08:53:09.445Z",
    "end": "2020-07-21T08:54:11.244Z",
    "duration": 61799,
    "testsRegistered": 12,
    "passPercent": 91.66666666666666,
    "pendingPercent": 0,
    "other": 0,
    "hasOther": false,
    "skipped": 0,
    "hasSkipped": false
  },
  "results": [
    {
      "uuid": "c554df0d-70c7-457b-a822-285f02b506c2",
      "title": "",
      "fullFile": "cypress/integration/younited_credit_test/cas_de_test_celibataire/younited_single_tests.spec.js",
      "file": "cypress/integration/younited_credit_test/cas_de_test_celibataire/younited_single_tests.spec.js",
      "beforeHooks": [],
      "afterHooks": [],
      "tests": [],
      "suites": [
        {
          "uuid": "e6c29438-0654-4928-8cbd-65b26bfcac32",
          "title": "Single credit tests",
          "fullFile": "",
          "file": "",
          "beforeHooks": [],
          "afterHooks": [],
          "tests": [
            {
              "title": "landing page",
              "fullTitle": "Single credit tests landing page",
              "timedOut": null,
              "duration": 9290,
              "state": "passed",
              "speed": "slow",
              "pass": true,
              "fail": false,
              "pending": false,
              "context": null,
              "code": "cy.landingchooseUser(profile.projectSelect, profile.amount, profile.creditMaturity);\ncy.buttonClick('CONTINUER');",
              "err": {},
              "uuid": "4a20e9f9-0e71-413e-adf1-bf0cf79ef47b",
              "parentUUID": "e6c29438-0654-4928-8cbd-65b26bfcac32",
              "isHook": false,
              "skipped": false
            },
            {
              "title": "Email page",
              "fullTitle": "Single credit tests Email page",
              "timedOut": null,
              "duration": 6674,
              "state": "passed",
              "speed": "slow",
              "pass": true,
              "fail": false,
              "pending": false,
              "context": null,
              "code": "cy.urlWebSite('/email');\ncy.pageTitle('Younited Credit');\ncy.emailUser(profile.email);\ncy.get('div').should('have.class', 'wrapper-input input-wrapper--valid');\ncy.buttonClick('Voir mon offre personnalisée');",
              "err": {},
              "uuid": "3c3adf22-7646-4df1-87da-3ab61102818c",
              "parentUUID": "e6c29438-0654-4928-8cbd-65b26bfcac32",
              "isHook": false,
              "skipped": false
            },
            {
              "title": "Family situation page",
              "fullTitle": "Single credit tests Family situation page",
              "timedOut": null,
              "duration": 1977,
              "state": "passed",
              "speed": "slow",
              "pass": true,
              "fail": false,
              "pending": false,
              "context": null,
              "code": "cy.urlWebSite('/familysituation');\ncy.pageTitle('Younited Credit');\ncy.familySituationUser(profile.maritalStatus, profile.childNumber);\ncy.get('[type=\"checkbox\"]').uncheck({\n  force: true\n});\ncy.buttonClick('Suite');",
              "err": {},
              "uuid": "f41b7dcd-b541-475a-a1b9-1e9e57427fe0",
              "parentUUID": "e6c29438-0654-4928-8cbd-65b26bfcac32",
              "isHook": false,
              "skipped": false
            },
            {
              "title": "House page",
              "fullTitle": "Single credit tests House page",
              "timedOut": null,
              "duration": 1164,
              "state": "passed",
              "speed": "slow",
              "pass": true,
              "fail": false,
              "pending": false,
              "context": null,
              "code": "cy.urlWebSite('/housing');\ncy.pageTitle('Younited Credit');\ncy.housingStatusUser(profile.housingStatus, profile.housingStatusMouth, profile.housingStatusYear);\ncy.get('[type=\"checkbox\"]').uncheck({\n  force: true\n});\ncy.buttonClick('Suite');",
              "err": {},
              "uuid": "90fbcfbf-c5f2-453e-b4b3-48ff420b8da4",
              "parentUUID": "e6c29438-0654-4928-8cbd-65b26bfcac32",
              "isHook": false,
              "skipped": false
            },
            {
              "title": "Professional situation Test",
              "fullTitle": "Single credit tests Professional situation Test",
              "timedOut": null,
              "duration": 1447,
              "state": "passed",
              "speed": "slow",
              "pass": true,
              "fail": false,
              "pending": false,
              "context": null,
              "code": "cy.urlWebSite('/professionalsituation');\ncy.pageTitle('Younited Credit');\ncy.activitySingleUser(profile.activitySector, profile.profession, profile.businessActivityStartDateMouth, profile.businessActivityStartDateYear);\ncy.get('#ISCOMPANYBANKRUPT_FALSE').check({\n  force: true\n}).should('be.checked');\ncy.buttonClick('Suite');",
              "err": {},
              "uuid": "6a4bb32f-8946-4956-90ba-e891b943bde9",
              "parentUUID": "e6c29438-0654-4928-8cbd-65b26bfcac32",
              "isHook": false,
              "skipped": false
            },
            {
              "title": "Main Income Test",
              "fullTitle": "Single credit tests Main Income Test",
              "timedOut": null,
              "duration": 1990,
              "state": "passed",
              "speed": "slow",
              "pass": true,
              "fail": false,
              "pending": false,
              "context": null,
              "code": "cy.urlWebSite('/incomes');\ncy.pageTitle('Younited Credit');\ncy.incomUser(profile.mainIncome, profile.housingAssistance, profile.additionalIncome);\ncy.buttonClick('Suite');",
              "err": {},
              "uuid": "b9447753-c4b0-492c-a0c1-ffb6be95e502",
              "parentUUID": "e6c29438-0654-4928-8cbd-65b26bfcac32",
              "isHook": false,
              "skipped": false
            },
            {
              "title": "Rent Amount Test",
              "fullTitle": "Single credit tests Rent Amount Test",
              "timedOut": null,
              "duration": 2761,
              "state": "passed",
              "speed": "slow",
              "pass": true,
              "fail": false,
              "pending": false,
              "context": null,
              "code": "cy.urlWebSite('/outcomes');\ncy.pageTitle('Younited Credit');\ncy.outcomeUser(profile.rentAmount, profile.loanCount, profile.type, profile.loanAmount);\ncy.buttonClick('Suite');",
              "err": {},
              "uuid": "15f3da9c-a7e2-4417-9bb9-36447f7ef5d7",
              "parentUUID": "e6c29438-0654-4928-8cbd-65b26bfcac32",
              "isHook": false,
              "skipped": false
            },
            {
              "title": "Bank Test",
              "fullTitle": "Single credit tests Bank Test",
              "timedOut": null,
              "duration": 1818,
              "state": "passed",
              "speed": "slow",
              "pass": true,
              "fail": false,
              "pending": false,
              "context": null,
              "code": "cy.urlWebSite('/bank');\ncy.pageTitle('Younited Credit');\ncy.bankUser(profile.bankCode, profile.bankFromYear);\ncy.buttonClick('Suite');",
              "err": {},
              "uuid": "5e6d7488-2785-4e4e-9fb7-ff83fcf87da9",
              "parentUUID": "e6c29438-0654-4928-8cbd-65b26bfcac32",
              "isHook": false,
              "skipped": false
            },
            {
              "title": "Identity Test",
              "fullTitle": "Single credit tests Identity Test",
              "timedOut": null,
              "duration": 6611,
              "state": "passed",
              "speed": "slow",
              "pass": true,
              "fail": false,
              "pending": false,
              "context": null,
              "code": "cy.urlWebSite('/identity');\ncy.pageTitle('Younited Credit');\ncy.identityUser(profile.gender, profile.lastName, profile.firstName, profile.dateOfBirthDay, profile.dateOfBirthMouth, profile.dateOfBirthYear, profile.postalCode, profile.city);\ncy.buttonClick('Suite');",
              "err": {},
              "uuid": "9ef3dda5-6e3b-47d1-bf39-06a656cbe93a",
              "parentUUID": "e6c29438-0654-4928-8cbd-65b26bfcac32",
              "isHook": false,
              "skipped": false
            },
            {
              "title": "Identity Test",
              "fullTitle": "Single credit tests Identity Test",
              "timedOut": null,
              "duration": 14504,
              "state": "passed",
              "speed": "slow",
              "pass": true,
              "fail": false,
              "pending": false,
              "context": null,
              "code": "cy.urlWebSite('/contact');\ncy.pageTitle('Younited Credit');\ncy.contactUser(profile.cellPhoneNumber, profile.phoneNumber, profile.address, profile.postalCode, profile.city, profile.countryZone);\ncy.buttonClick('Suite');",
              "err": {},
              "uuid": "30797fff-cf3e-419d-a6b7-84b471d0aeb3",
              "parentUUID": "e6c29438-0654-4928-8cbd-65b26bfcac32",
              "isHook": false,
              "skipped": false
            },
            {
              "title": "Assurance Test",
              "fullTitle": "Single credit tests Assurance Test",
              "timedOut": null,
              "duration": 4711,
              "state": "passed",
              "speed": "slow",
              "pass": true,
              "fail": false,
              "pending": false,
              "context": null,
              "code": "cy.urlWebSite('/offers');\ncy.pageTitle('Younited Credit');\ncy.insuranceUser(profile.insurance_subscribers);\ncy.buttonClick('Suite');",
              "err": {},
              "uuid": "f67509e5-95c4-4c54-b5bc-6cf6094e066c",
              "parentUUID": "e6c29438-0654-4928-8cbd-65b26bfcac32",
              "isHook": false,
              "skipped": false
            },
            {
              "title": "Commercial Offer Test",
              "fullTitle": "Single credit tests Commercial Offer Test",
              "timedOut": null,
              "duration": 5058,
              "state": "failed",
              "speed": null,
              "pass": false,
              "fail": true,
              "pending": false,
              "context": null,
              "code": "cy.urlWebSite('/modify-offer');\ncy.pageTitle('Younited Credit');",
              "err": {
                "message": "AssertionError: Timed out retrying: expected 'https://fr-funnel.younited-credit.com/offers/proactivedebtconsolidation/choice' to include '/modify-offer'",
                "estack": "AssertionError: Timed out retrying: expected 'https://fr-funnel.younited-credit.com/offers/proactivedebtconsolidation/choice' to include '/modify-offer'\n    at Context.eval (https://www.younited-credit.com/__cypress/tests?p=cypress/support/index.js:204:12)",
                "diff": null
              },
              "uuid": "d2ecd4e2-9f19-407a-a793-86c6c935f896",
              "parentUUID": "e6c29438-0654-4928-8cbd-65b26bfcac32",
              "isHook": false,
              "skipped": false
            }
          ],
          "suites": [],
          "passes": [
            "4a20e9f9-0e71-413e-adf1-bf0cf79ef47b",
            "3c3adf22-7646-4df1-87da-3ab61102818c",
            "f41b7dcd-b541-475a-a1b9-1e9e57427fe0",
            "90fbcfbf-c5f2-453e-b4b3-48ff420b8da4",
            "6a4bb32f-8946-4956-90ba-e891b943bde9",
            "b9447753-c4b0-492c-a0c1-ffb6be95e502",
            "15f3da9c-a7e2-4417-9bb9-36447f7ef5d7",
            "5e6d7488-2785-4e4e-9fb7-ff83fcf87da9",
            "9ef3dda5-6e3b-47d1-bf39-06a656cbe93a",
            "30797fff-cf3e-419d-a6b7-84b471d0aeb3",
            "f67509e5-95c4-4c54-b5bc-6cf6094e066c"
          ],
          "failures": [
            "d2ecd4e2-9f19-407a-a793-86c6c935f896"
          ],
          "pending": [],
          "skipped": [],
          "duration": 58005,
          "root": false,
          "rootEmpty": false,
          "_timeout": 2000
        }
      ],
      "passes": [],
      "failures": [],
      "pending": [],
      "skipped": [],
      "duration": 0,
      "root": true,
      "rootEmpty": true,
      "_timeout": 2000
    }
  ],
  "meta": {
    "mocha": {
      "version": "7.0.1"
    },
    "mochawesome": {
      "options": {
        "quiet": false,
        "reportFilename": "mochawesome",
        "saveHtml": false,
        "saveJson": true,
        "consoleReporter": "spec",
        "useInlineDiffs": false,
        "code": true
      },
      "version": "6.1.1"
    },
    "marge": {
      "options": {
        "reportDir": "cypress/results",
        "overwrite": false,
        "html": false,
        "json": true
      },
      "version": "5.1.0"
    }
  }
}