{
  "stats": {
    "suites": 3,
    "tests": 41,
    "passes": 35,
    "pending": 0,
    "failures": 6,
    "start": "2020-07-23T14:00:41.388Z",
    "end": "2020-07-23T14:03:33.816Z",
    "duration": 172428,
    "testsRegistered": 41,
    "passPercent": 85.36585365853658,
    "pendingPercent": 0,
    "other": 0,
    "hasOther": false,
    "skipped": 0,
    "hasSkipped": false
  },
  "results": [
    {
      "uuid": "5fae6a9f-0d40-42a7-ac94-61b902beb5da",
      "title": "",
      "fullFile": "cypress/integration/younited_credit_test_multi_profiles.spec.js",
      "file": "cypress/integration/younited_credit_test_multi_profiles.spec.js",
      "beforeHooks": [],
      "afterHooks": [],
      "tests": [],
      "suites": [
        {
          "uuid": "d0cfbd00-4f4c-4bc5-a859-74839a3ba8a7",
          "title": "Younited-credit tests: Single Test",
          "fullFile": "",
          "file": "",
          "beforeHooks": [],
          "afterHooks": [],
          "tests": [
            {
              "title": "landing page",
              "fullTitle": "Younited-credit tests: Single Test landing page",
              "timedOut": null,
              "duration": 9876,
              "state": "passed",
              "speed": "slow",
              "pass": true,
              "fail": false,
              "pending": false,
              "context": null,
              "code": "cy.visit('https://www.younited-credit.com');\ncy.urlWebSite('younited-credit');\ncy.pageTitle('Le Crédit 100% en Ligne – Réponse en 24h | Younited Credit');\ncy.landingchooseUser(profile.landingStep);\ncy.buttonClick('CONTINUER');",
              "err": {},
              "uuid": "22a35cfa-2cc6-4306-bfcd-bae3cb324824",
              "parentUUID": "d0cfbd00-4f4c-4bc5-a859-74839a3ba8a7",
              "isHook": false,
              "skipped": false
            },
            {
              "title": "Email page",
              "fullTitle": "Younited-credit tests: Single Test Email page",
              "timedOut": null,
              "duration": 11843,
              "state": "passed",
              "speed": "slow",
              "pass": true,
              "fail": false,
              "pending": false,
              "context": null,
              "code": "cy.urlWebSite('/email');\ncy.pageTitle('Younited Credit');\ncy.wait(3000);\ncy.emailUser(profile.identityStep);\ncy.get('div').should('have.class', 'wrapper-input input-wrapper--valid');\ncy.buttonClick('Voir mon offre personnalisée');",
              "err": {},
              "uuid": "fb4f2ae5-ee95-4810-8c05-80185a9c21ab",
              "parentUUID": "d0cfbd00-4f4c-4bc5-a859-74839a3ba8a7",
              "isHook": false,
              "skipped": false
            },
            {
              "title": "Family situation page",
              "fullTitle": "Younited-credit tests: Single Test Family situation page",
              "timedOut": null,
              "duration": 1520,
              "state": "passed",
              "speed": "slow",
              "pass": true,
              "fail": false,
              "pending": false,
              "context": null,
              "code": "cy.urlWebSite('/familysituation');\ncy.pageTitle('Younited Credit');\ncy.familySituationUser(profile.identityStep);\ncy.get('[type=\"checkbox\"]').uncheck({\n  force: true\n});\ncy.buttonClick('Suite');",
              "err": {},
              "uuid": "d9a2db86-0237-4d00-b3e9-4570610b277f",
              "parentUUID": "d0cfbd00-4f4c-4bc5-a859-74839a3ba8a7",
              "isHook": false,
              "skipped": false
            },
            {
              "title": "House page",
              "fullTitle": "Younited-credit tests: Single Test House page",
              "timedOut": null,
              "duration": 1615,
              "state": "passed",
              "speed": "slow",
              "pass": true,
              "fail": false,
              "pending": false,
              "context": null,
              "code": "cy.urlWebSite('/housing');\ncy.pageTitle('Younited Credit');\ncy.housingStatusUser(profile.houseStep);\ncy.get('[type=\"checkbox\"]').uncheck({\n  force: true\n});\ncy.buttonClick('Suite');",
              "err": {},
              "uuid": "fa95803d-b625-4471-9e7f-5a9c86da8b13",
              "parentUUID": "d0cfbd00-4f4c-4bc5-a859-74839a3ba8a7",
              "isHook": false,
              "skipped": false
            },
            {
              "title": "Professional situation Test",
              "fullTitle": "Younited-credit tests: Single Test Professional situation Test",
              "timedOut": null,
              "duration": 1912,
              "state": "passed",
              "speed": "slow",
              "pass": true,
              "fail": false,
              "pending": false,
              "context": null,
              "code": "cy.urlWebSite('/professionalsituation');\ncy.pageTitle('Younited Credit');\ncy.activitySingleUser(profile.activityStatus, profile.activityStep);\ncy.get('#ISCOMPANYBANKRUPT_FALSE').check({\n  force: true\n}).should('be.checked');\ncy.buttonClick('Suite');",
              "err": {},
              "uuid": "d44efd2c-5bf5-4571-8cbb-51de75430a09",
              "parentUUID": "d0cfbd00-4f4c-4bc5-a859-74839a3ba8a7",
              "isHook": false,
              "skipped": false
            },
            {
              "title": "Main Income Test",
              "fullTitle": "Younited-credit tests: Single Test Main Income Test",
              "timedOut": null,
              "duration": 1464,
              "state": "passed",
              "speed": "slow",
              "pass": true,
              "fail": false,
              "pending": false,
              "context": null,
              "code": "cy.urlWebSite('/incomes');\ncy.pageTitle('Younited Credit');\ncy.incomUser(profile.mariedStatus, profile.activityStep, profile.houseStep, profile.partnerActivityStep);\ncy.buttonClick('Suite');",
              "err": {},
              "uuid": "3e9d4baf-427a-4789-85a5-277e7f218db7",
              "parentUUID": "d0cfbd00-4f4c-4bc5-a859-74839a3ba8a7",
              "isHook": false,
              "skipped": false
            },
            {
              "title": "Rent Amount Test",
              "fullTitle": "Younited-credit tests: Single Test Rent Amount Test",
              "timedOut": null,
              "duration": 1721,
              "state": "passed",
              "speed": "slow",
              "pass": true,
              "fail": false,
              "pending": false,
              "context": null,
              "code": "cy.urlWebSite('/outcomes');\ncy.pageTitle('Younited Credit');\ncy.outcomeUser(profile.houseStatus, profile.houseStep);\ncy.buttonClick('Suite');",
              "err": {},
              "uuid": "d645d23e-e9fc-4f7b-ae0f-3d6769b74f0b",
              "parentUUID": "d0cfbd00-4f4c-4bc5-a859-74839a3ba8a7",
              "isHook": false,
              "skipped": false
            },
            {
              "title": "Bank Test",
              "fullTitle": "Younited-credit tests: Single Test Bank Test",
              "timedOut": null,
              "duration": 2110,
              "state": "passed",
              "speed": "slow",
              "pass": true,
              "fail": false,
              "pending": false,
              "context": null,
              "code": "cy.urlWebSite('/bank');\ncy.pageTitle('Younited Credit');\ncy.bankUser(profile.bankStep);\ncy.buttonClick('Suite');",
              "err": {},
              "uuid": "61c32cbc-56cc-47e0-9fc2-c2ee16bc96cc",
              "parentUUID": "d0cfbd00-4f4c-4bc5-a859-74839a3ba8a7",
              "isHook": false,
              "skipped": false
            },
            {
              "title": "Identity Test",
              "fullTitle": "Younited-credit tests: Single Test Identity Test",
              "timedOut": null,
              "duration": 4702,
              "state": "passed",
              "speed": "slow",
              "pass": true,
              "fail": false,
              "pending": false,
              "context": null,
              "code": "cy.urlWebSite('/identity');\ncy.pageTitle('Younited Credit');\ncy.identityUser(profile.identityStep);\ncy.buttonClick('Suite');",
              "err": {},
              "uuid": "91fe4882-406a-4910-987d-da4b9771dcc2",
              "parentUUID": "d0cfbd00-4f4c-4bc5-a859-74839a3ba8a7",
              "isHook": false,
              "skipped": false
            },
            {
              "title": "Contact Test",
              "fullTitle": "Younited-credit tests: Single Test Contact Test",
              "timedOut": null,
              "duration": 3071,
              "state": "passed",
              "speed": "slow",
              "pass": true,
              "fail": false,
              "pending": false,
              "context": null,
              "code": "cy.urlWebSite('/contact');\ncy.pageTitle('Younited Credit');\ncy.contactUser(profile.identityStep);\ncy.buttonClick('Suite');",
              "err": {},
              "uuid": "b49a6509-ef26-4f1a-a51a-197a10df41e4",
              "parentUUID": "d0cfbd00-4f4c-4bc5-a859-74839a3ba8a7",
              "isHook": false,
              "skipped": false
            },
            {
              "title": "Assurance Test",
              "fullTitle": "Younited-credit tests: Single Test Assurance Test",
              "timedOut": null,
              "duration": 3663,
              "state": "passed",
              "speed": "slow",
              "pass": true,
              "fail": false,
              "pending": false,
              "context": null,
              "code": "cy.urlWebSite('/offers');\ncy.pageTitle('Younited Credit');\ncy.insuranceUser(profile.identityStep);\ncy.buttonClick('Suite');",
              "err": {},
              "uuid": "986ea73f-5a70-4f8f-aff9-ce77f156d98e",
              "parentUUID": "d0cfbd00-4f4c-4bc5-a859-74839a3ba8a7",
              "isHook": false,
              "skipped": false
            },
            {
              "title": "Commercial Offer Test",
              "fullTitle": "Younited-credit tests: Single Test Commercial Offer Test",
              "timedOut": null,
              "duration": 7387,
              "state": "failed",
              "speed": null,
              "pass": false,
              "fail": true,
              "pending": false,
              "context": null,
              "code": "cy.urlWebSite('/modify-offer');\ncy.pageTitle('Younited Credit');",
              "err": {
                "message": "AssertionError: Timed out retrying: expected 'https://fr-funnel.younited-credit.com/offers/proactivedebtconsolidation/choice' to include '/modify-offer'",
                "estack": "AssertionError: Timed out retrying: expected 'https://fr-funnel.younited-credit.com/offers/proactivedebtconsolidation/choice' to include '/modify-offer'\n    at Context.eval (https://www.younited-credit.com/__cypress/tests?p=cypress/support/index.js:140:12)",
                "diff": null
              },
              "uuid": "a0edee43-23f9-4bb5-bb6b-1e6ee56e22f0",
              "parentUUID": "d0cfbd00-4f4c-4bc5-a859-74839a3ba8a7",
              "isHook": false,
              "skipped": false
            }
          ],
          "suites": [],
          "passes": [
            "22a35cfa-2cc6-4306-bfcd-bae3cb324824",
            "fb4f2ae5-ee95-4810-8c05-80185a9c21ab",
            "d9a2db86-0237-4d00-b3e9-4570610b277f",
            "fa95803d-b625-4471-9e7f-5a9c86da8b13",
            "d44efd2c-5bf5-4571-8cbb-51de75430a09",
            "3e9d4baf-427a-4789-85a5-277e7f218db7",
            "d645d23e-e9fc-4f7b-ae0f-3d6769b74f0b",
            "61c32cbc-56cc-47e0-9fc2-c2ee16bc96cc",
            "91fe4882-406a-4910-987d-da4b9771dcc2",
            "b49a6509-ef26-4f1a-a51a-197a10df41e4",
            "986ea73f-5a70-4f8f-aff9-ce77f156d98e"
          ],
          "failures": [
            "a0edee43-23f9-4bb5-bb6b-1e6ee56e22f0"
          ],
          "pending": [],
          "skipped": [],
          "duration": 50884,
          "root": false,
          "rootEmpty": false,
          "_timeout": 2000
        },
        {
          "uuid": "8ca05ea2-a55f-4da5-ad80-ff6c2742edbb",
          "title": "Younited-credit tests: Married Test",
          "fullFile": "",
          "file": "",
          "beforeHooks": [],
          "afterHooks": [],
          "tests": [
            {
              "title": "landing page",
              "fullTitle": "Younited-credit tests: Married Test landing page",
              "timedOut": null,
              "duration": 8301,
              "state": "passed",
              "speed": "slow",
              "pass": true,
              "fail": false,
              "pending": false,
              "context": null,
              "code": "cy.visit('https://www.younited-credit.com');\ncy.urlWebSite('younited-credit');\ncy.pageTitle('Le Crédit 100% en Ligne – Réponse en 24h | Younited Credit');\ncy.landingchooseUser(profile.landingStep);\ncy.buttonClick('CONTINUER');",
              "err": {},
              "uuid": "d3b5ddf0-a0f7-438a-b7e2-2f3a1cc6878b",
              "parentUUID": "8ca05ea2-a55f-4da5-ad80-ff6c2742edbb",
              "isHook": false,
              "skipped": false
            },
            {
              "title": "Email page",
              "fullTitle": "Younited-credit tests: Married Test Email page",
              "timedOut": null,
              "duration": 11554,
              "state": "passed",
              "speed": "slow",
              "pass": true,
              "fail": false,
              "pending": false,
              "context": null,
              "code": "cy.urlWebSite('/email');\ncy.pageTitle('Younited Credit');\ncy.wait(3000);\ncy.emailUser(profile.identityStep);\ncy.get('div').should('have.class', 'wrapper-input input-wrapper--valid');\ncy.buttonClick('Voir mon offre personnalisée');",
              "err": {},
              "uuid": "fe361e5c-fee6-4cd4-afe3-36bb0c7d5dfc",
              "parentUUID": "8ca05ea2-a55f-4da5-ad80-ff6c2742edbb",
              "isHook": false,
              "skipped": false
            },
            {
              "title": "Family situation page",
              "fullTitle": "Younited-credit tests: Married Test Family situation page",
              "timedOut": null,
              "duration": 1278,
              "state": "passed",
              "speed": "slow",
              "pass": true,
              "fail": false,
              "pending": false,
              "context": null,
              "code": "cy.urlWebSite('/familysituation');\ncy.pageTitle('Younited Credit');\ncy.familySituationUser(profile.identityStep);\ncy.get('[type=\"checkbox\"]').uncheck({\n  force: true\n});\ncy.buttonClick('Suite');",
              "err": {},
              "uuid": "71313777-fb2b-4209-ad05-ef5b1815b218",
              "parentUUID": "8ca05ea2-a55f-4da5-ad80-ff6c2742edbb",
              "isHook": false,
              "skipped": false
            },
            {
              "title": "House page",
              "fullTitle": "Younited-credit tests: Married Test House page",
              "timedOut": null,
              "duration": 1550,
              "state": "passed",
              "speed": "slow",
              "pass": true,
              "fail": false,
              "pending": false,
              "context": null,
              "code": "cy.urlWebSite('/housing');\ncy.pageTitle('Younited Credit');\ncy.housingStatusUser(profile.houseStep);\ncy.get('[type=\"checkbox\"]').uncheck({\n  force: true\n});\ncy.buttonClick('Suite');",
              "err": {},
              "uuid": "8393d2de-23c4-42f7-8c55-ed457579579e",
              "parentUUID": "8ca05ea2-a55f-4da5-ad80-ff6c2742edbb",
              "isHook": false,
              "skipped": false
            },
            {
              "title": "Professional situation Test",
              "fullTitle": "Younited-credit tests: Married Test Professional situation Test",
              "timedOut": null,
              "duration": 1797,
              "state": "passed",
              "speed": "slow",
              "pass": true,
              "fail": false,
              "pending": false,
              "context": null,
              "code": "cy.urlWebSite('/professionalsituation');\ncy.pageTitle('Younited Credit');\ncy.activitySingleUser(profile.activityStatus, profile.activityStep);\ncy.get('#ISCOMPANYBANKRUPT_FALSE').check({\n  force: true\n}).should('be.checked');\ncy.buttonClick('Suite');",
              "err": {},
              "uuid": "bc456d60-06ee-421c-ab27-cc5439faa9fe",
              "parentUUID": "8ca05ea2-a55f-4da5-ad80-ff6c2742edbb",
              "isHook": false,
              "skipped": false
            },
            {
              "title": "Partner Activity Sector Test",
              "fullTitle": "Younited-credit tests: Married Test Partner Activity Sector Test",
              "timedOut": null,
              "duration": 1738,
              "state": "passed",
              "speed": "slow",
              "pass": true,
              "fail": false,
              "pending": false,
              "context": null,
              "code": "cy.urlWebSite('/partnerprofession');\ncy.pageTitle('Younited Credit');\ncy.partnerActivityMariedUser(profile.partnerActivityStatus, profile.partnerActivityStep);\ncy.buttonClick('Suite');",
              "err": {},
              "uuid": "0a3e1c67-17ff-479c-b095-9d002ebc6a59",
              "parentUUID": "8ca05ea2-a55f-4da5-ad80-ff6c2742edbb",
              "isHook": false,
              "skipped": false
            },
            {
              "title": "Main Income Test",
              "fullTitle": "Younited-credit tests: Married Test Main Income Test",
              "timedOut": null,
              "duration": 1717,
              "state": "passed",
              "speed": "slow",
              "pass": true,
              "fail": false,
              "pending": false,
              "context": null,
              "code": "cy.urlWebSite('/incomes');\ncy.pageTitle('Younited Credit');\ncy.incomUser(profile.mariedStatus, profile.activityStep, profile.houseStep, profile.partnerActivityStep);\ncy.buttonClick('Suite');",
              "err": {},
              "uuid": "449ac496-f661-4e1a-b3cf-7a8425d18bbe",
              "parentUUID": "8ca05ea2-a55f-4da5-ad80-ff6c2742edbb",
              "isHook": false,
              "skipped": false
            },
            {
              "title": "Rent Amount Test",
              "fullTitle": "Younited-credit tests: Married Test Rent Amount Test",
              "timedOut": null,
              "duration": 1508,
              "state": "passed",
              "speed": "slow",
              "pass": true,
              "fail": false,
              "pending": false,
              "context": null,
              "code": "cy.urlWebSite('/outcomes');\ncy.pageTitle('Younited Credit');\ncy.outcomeUser(profile.houseStatus, profile.houseStep);\ncy.buttonClick('Suite');",
              "err": {},
              "uuid": "8b5a5fe0-56ea-4d5d-89aa-8cb988104211",
              "parentUUID": "8ca05ea2-a55f-4da5-ad80-ff6c2742edbb",
              "isHook": false,
              "skipped": false
            },
            {
              "title": "Bank Test",
              "fullTitle": "Younited-credit tests: Married Test Bank Test",
              "timedOut": null,
              "duration": 1255,
              "state": "passed",
              "speed": "slow",
              "pass": true,
              "fail": false,
              "pending": false,
              "context": null,
              "code": "cy.urlWebSite('/bank');\ncy.pageTitle('Younited Credit');\ncy.bankUser(profile.bankStep);\ncy.buttonClick('Suite');",
              "err": {},
              "uuid": "ec21d786-a819-46cb-9844-1233c662aeab",
              "parentUUID": "8ca05ea2-a55f-4da5-ad80-ff6c2742edbb",
              "isHook": false,
              "skipped": false
            },
            {
              "title": "Identity Test",
              "fullTitle": "Younited-credit tests: Married Test Identity Test",
              "timedOut": null,
              "duration": 3481,
              "state": "passed",
              "speed": "slow",
              "pass": true,
              "fail": false,
              "pending": false,
              "context": null,
              "code": "cy.urlWebSite('/identity');\ncy.pageTitle('Younited Credit');\ncy.identityUser(profile.identityStep);\ncy.buttonClick('Suite');",
              "err": {},
              "uuid": "593cad16-6bce-401e-b45d-3fb91cf26240",
              "parentUUID": "8ca05ea2-a55f-4da5-ad80-ff6c2742edbb",
              "isHook": false,
              "skipped": false
            },
            {
              "title": "Identity Partner Test",
              "fullTitle": "Younited-credit tests: Married Test Identity Partner Test",
              "timedOut": null,
              "duration": 3473,
              "state": "passed",
              "speed": "slow",
              "pass": true,
              "fail": false,
              "pending": false,
              "context": null,
              "code": "cy.urlWebSite('/partneridentity');\ncy.pageTitle('Younited Credit');\ncy.identityPartnerUser(profile.partnerStatus, profile.partnerIdentityStep);\ncy.buttonClick('Suite');",
              "err": {},
              "uuid": "ca9ee974-3e99-4649-a7cc-7e771eba7192",
              "parentUUID": "8ca05ea2-a55f-4da5-ad80-ff6c2742edbb",
              "isHook": false,
              "skipped": false
            },
            {
              "title": "Contact Test",
              "fullTitle": "Younited-credit tests: Married Test Contact Test",
              "timedOut": null,
              "duration": 3069,
              "state": "passed",
              "speed": "slow",
              "pass": true,
              "fail": false,
              "pending": false,
              "context": null,
              "code": "cy.urlWebSite('/contact');\ncy.pageTitle('Younited Credit');\ncy.contactUser(profile.identityStep);\ncy.buttonClick('Suite');",
              "err": {},
              "uuid": "5266d32b-6891-4a40-ad24-00e9f2e19a8d",
              "parentUUID": "8ca05ea2-a55f-4da5-ad80-ff6c2742edbb",
              "isHook": false,
              "skipped": false
            },
            {
              "title": "Assurance Test",
              "fullTitle": "Younited-credit tests: Married Test Assurance Test",
              "timedOut": null,
              "duration": 5067,
              "state": "passed",
              "speed": "slow",
              "pass": true,
              "fail": false,
              "pending": false,
              "context": null,
              "code": "cy.urlWebSite('/offers');\ncy.pageTitle('Younited Credit');\ncy.insuranceUser(profile.identityStep);\ncy.buttonClick('Suite');",
              "err": {},
              "uuid": "918b410b-d6a0-49ce-9c23-9e4b63d50d75",
              "parentUUID": "8ca05ea2-a55f-4da5-ad80-ff6c2742edbb",
              "isHook": false,
              "skipped": false
            },
            {
              "title": "Commercial Offer Test",
              "fullTitle": "Younited-credit tests: Married Test Commercial Offer Test",
              "timedOut": null,
              "duration": 4389,
              "state": "passed",
              "speed": "slow",
              "pass": true,
              "fail": false,
              "pending": false,
              "context": null,
              "code": "cy.urlWebSite('/modify-offer');\ncy.pageTitle('Younited Credit');",
              "err": {},
              "uuid": "6f6f97a0-3ea3-4264-9d5d-23f63e5f728d",
              "parentUUID": "8ca05ea2-a55f-4da5-ad80-ff6c2742edbb",
              "isHook": false,
              "skipped": false
            }
          ],
          "suites": [],
          "passes": [
            "d3b5ddf0-a0f7-438a-b7e2-2f3a1cc6878b",
            "fe361e5c-fee6-4cd4-afe3-36bb0c7d5dfc",
            "71313777-fb2b-4209-ad05-ef5b1815b218",
            "8393d2de-23c4-42f7-8c55-ed457579579e",
            "bc456d60-06ee-421c-ab27-cc5439faa9fe",
            "0a3e1c67-17ff-479c-b095-9d002ebc6a59",
            "449ac496-f661-4e1a-b3cf-7a8425d18bbe",
            "8b5a5fe0-56ea-4d5d-89aa-8cb988104211",
            "ec21d786-a819-46cb-9844-1233c662aeab",
            "593cad16-6bce-401e-b45d-3fb91cf26240",
            "ca9ee974-3e99-4649-a7cc-7e771eba7192",
            "5266d32b-6891-4a40-ad24-00e9f2e19a8d",
            "918b410b-d6a0-49ce-9c23-9e4b63d50d75",
            "6f6f97a0-3ea3-4264-9d5d-23f63e5f728d"
          ],
          "failures": [],
          "pending": [],
          "skipped": [],
          "duration": 50177,
          "root": false,
          "rootEmpty": false,
          "_timeout": 2000
        },
        {
          "uuid": "47f15589-676f-4020-8eaa-67b0ebc97fe8",
          "title": "Younited-credit tests: Pacs Test",
          "fullFile": "",
          "file": "",
          "beforeHooks": [],
          "afterHooks": [],
          "tests": [
            {
              "title": "landing page",
              "fullTitle": "Younited-credit tests: Pacs Test landing page",
              "timedOut": null,
              "duration": 7107,
              "state": "passed",
              "speed": "slow",
              "pass": true,
              "fail": false,
              "pending": false,
              "context": null,
              "code": "cy.visit('https://www.younited-credit.com');\ncy.urlWebSite('younited-credit');\ncy.pageTitle('Le Crédit 100% en Ligne – Réponse en 24h | Younited Credit');\ncy.landingchooseUser(profile.landingStep);\ncy.buttonClick('CONTINUER');",
              "err": {},
              "uuid": "59cc85cb-bb0b-4e6f-9a6e-144e7a0dd0c7",
              "parentUUID": "47f15589-676f-4020-8eaa-67b0ebc97fe8",
              "isHook": false,
              "skipped": false
            },
            {
              "title": "Email page",
              "fullTitle": "Younited-credit tests: Pacs Test Email page",
              "timedOut": null,
              "duration": 10352,
              "state": "passed",
              "speed": "slow",
              "pass": true,
              "fail": false,
              "pending": false,
              "context": null,
              "code": "cy.urlWebSite('/email');\ncy.pageTitle('Younited Credit');\ncy.wait(3000);\ncy.emailUser(profile.identityStep);\ncy.get('div').should('have.class', 'wrapper-input input-wrapper--valid');\ncy.buttonClick('Voir mon offre personnalisée');",
              "err": {},
              "uuid": "ff6b7ec7-56f2-4e79-b0f3-205e4f3af60c",
              "parentUUID": "47f15589-676f-4020-8eaa-67b0ebc97fe8",
              "isHook": false,
              "skipped": false
            },
            {
              "title": "Family situation page",
              "fullTitle": "Younited-credit tests: Pacs Test Family situation page",
              "timedOut": null,
              "duration": 1272,
              "state": "passed",
              "speed": "slow",
              "pass": true,
              "fail": false,
              "pending": false,
              "context": null,
              "code": "cy.urlWebSite('/familysituation');\ncy.pageTitle('Younited Credit');\ncy.familySituationUser(profile.identityStep);\ncy.get('[type=\"checkbox\"]').uncheck({\n  force: true\n});\ncy.buttonClick('Suite');",
              "err": {},
              "uuid": "49741939-bf6e-477e-bbec-4a1e40ec386e",
              "parentUUID": "47f15589-676f-4020-8eaa-67b0ebc97fe8",
              "isHook": false,
              "skipped": false
            },
            {
              "title": "House page",
              "fullTitle": "Younited-credit tests: Pacs Test House page",
              "timedOut": null,
              "duration": 1559,
              "state": "passed",
              "speed": "slow",
              "pass": true,
              "fail": false,
              "pending": false,
              "context": null,
              "code": "cy.urlWebSite('/housing');\ncy.pageTitle('Younited Credit');\ncy.housingStatusUser(profile.houseStep);\ncy.get('[type=\"checkbox\"]').uncheck({\n  force: true\n});\ncy.buttonClick('Suite');",
              "err": {},
              "uuid": "e7dd9947-f128-4c2a-9fce-91f5ae90d834",
              "parentUUID": "47f15589-676f-4020-8eaa-67b0ebc97fe8",
              "isHook": false,
              "skipped": false
            },
            {
              "title": "Professional situation Test",
              "fullTitle": "Younited-credit tests: Pacs Test Professional situation Test",
              "timedOut": null,
              "duration": 1739,
              "state": "passed",
              "speed": "slow",
              "pass": true,
              "fail": false,
              "pending": false,
              "context": null,
              "code": "cy.urlWebSite('/professionalsituation');\ncy.pageTitle('Younited Credit');\ncy.activitySingleUser(profile.activityStatus, profile.activityStep);\ncy.get('#ISCOMPANYBANKRUPT_FALSE').check({\n  force: true\n}).should('be.checked');\ncy.buttonClick('Suite');",
              "err": {},
              "uuid": "934a6a6e-1f5a-410e-a35b-62d92b6c273a",
              "parentUUID": "47f15589-676f-4020-8eaa-67b0ebc97fe8",
              "isHook": false,
              "skipped": false
            },
            {
              "title": "Partner Activity Sector Test",
              "fullTitle": "Younited-credit tests: Pacs Test Partner Activity Sector Test",
              "timedOut": null,
              "duration": 1612,
              "state": "passed",
              "speed": "slow",
              "pass": true,
              "fail": false,
              "pending": false,
              "context": null,
              "code": "cy.urlWebSite('/partnerprofession');\ncy.pageTitle('Younited Credit');\ncy.partnerActivityMariedUser(profile.partnerActivityStatus, profile.partnerActivityStep);\ncy.buttonClick('Suite');",
              "err": {},
              "uuid": "d8bec076-2dba-416d-884c-e9d9e8fe2302",
              "parentUUID": "47f15589-676f-4020-8eaa-67b0ebc97fe8",
              "isHook": false,
              "skipped": false
            },
            {
              "title": "Main Income Test",
              "fullTitle": "Younited-credit tests: Pacs Test Main Income Test",
              "timedOut": null,
              "duration": 1953,
              "state": "passed",
              "speed": "slow",
              "pass": true,
              "fail": false,
              "pending": false,
              "context": null,
              "code": "cy.urlWebSite('/incomes');\ncy.pageTitle('Younited Credit');\ncy.incomUser(profile.mariedStatus, profile.activityStep, profile.houseStep, profile.partnerActivityStep);\ncy.buttonClick('Suite');",
              "err": {},
              "uuid": "ee058dff-b582-4535-a038-d3cf5bfce9c7",
              "parentUUID": "47f15589-676f-4020-8eaa-67b0ebc97fe8",
              "isHook": false,
              "skipped": false
            },
            {
              "title": "Rent Amount Test",
              "fullTitle": "Younited-credit tests: Pacs Test Rent Amount Test",
              "timedOut": null,
              "duration": 1984,
              "state": "passed",
              "speed": "slow",
              "pass": true,
              "fail": false,
              "pending": false,
              "context": null,
              "code": "cy.urlWebSite('/outcomes');\ncy.pageTitle('Younited Credit');\ncy.outcomeUser(profile.houseStatus, profile.houseStep);\ncy.buttonClick('Suite');",
              "err": {},
              "uuid": "f7102b64-ee11-4e16-b024-a9ef554436ba",
              "parentUUID": "47f15589-676f-4020-8eaa-67b0ebc97fe8",
              "isHook": false,
              "skipped": false
            },
            {
              "title": "Bank Test",
              "fullTitle": "Younited-credit tests: Pacs Test Bank Test",
              "timedOut": null,
              "duration": 1166,
              "state": "passed",
              "speed": "slow",
              "pass": true,
              "fail": false,
              "pending": false,
              "context": null,
              "code": "cy.urlWebSite('/bank');\ncy.pageTitle('Younited Credit');\ncy.bankUser(profile.bankStep);\ncy.buttonClick('Suite');",
              "err": {},
              "uuid": "221a8357-6a9b-4f34-853c-285d240f9254",
              "parentUUID": "47f15589-676f-4020-8eaa-67b0ebc97fe8",
              "isHook": false,
              "skipped": false
            },
            {
              "title": "Identity Test",
              "fullTitle": "Younited-credit tests: Pacs Test Identity Test",
              "timedOut": null,
              "duration": 3551,
              "state": "passed",
              "speed": "slow",
              "pass": true,
              "fail": false,
              "pending": false,
              "context": null,
              "code": "cy.urlWebSite('/identity');\ncy.pageTitle('Younited Credit');\ncy.identityUser(profile.identityStep);\ncy.buttonClick('Suite');",
              "err": {},
              "uuid": "524de34a-6e16-450d-8c8e-716d4d29b054",
              "parentUUID": "47f15589-676f-4020-8eaa-67b0ebc97fe8",
              "isHook": false,
              "skipped": false
            },
            {
              "title": "Identity Partner Test",
              "fullTitle": "Younited-credit tests: Pacs Test Identity Partner Test",
              "timedOut": null,
              "duration": 6856,
              "state": "failed",
              "speed": null,
              "pass": false,
              "fail": true,
              "pending": false,
              "context": null,
              "code": "cy.urlWebSite('/partneridentity');\ncy.pageTitle('Younited Credit');\ncy.identityPartnerUser(profile.partnerStatus, profile.partnerIdentityStep);\ncy.buttonClick('Suite');",
              "err": {
                "message": "AssertionError: Timed out retrying: Expected to find element: `undefined`, but never found it.",
                "estack": "AssertionError: Timed out retrying: Expected to find element: `undefined`, but never found it.\n    at Context.eval (https://www.younited-credit.com/__cypress/tests?p=cypress/support/index.js:108:8)",
                "diff": null
              },
              "uuid": "b5c700f1-2bcb-4b40-8401-33ab1e3fc4fb",
              "parentUUID": "47f15589-676f-4020-8eaa-67b0ebc97fe8",
              "isHook": false,
              "skipped": false
            },
            {
              "title": "Contact Test",
              "fullTitle": "Younited-credit tests: Pacs Test Contact Test",
              "timedOut": null,
              "duration": 6620,
              "state": "failed",
              "speed": null,
              "pass": false,
              "fail": true,
              "pending": false,
              "context": null,
              "code": "cy.urlWebSite('/contact');\ncy.pageTitle('Younited Credit');\ncy.contactUser(profile.identityStep);\ncy.buttonClick('Suite');",
              "err": {
                "message": "AssertionError: Timed out retrying: expected 'https://fr-funnel.younited-credit.com/partneridentity' to include '/contact'",
                "estack": "AssertionError: Timed out retrying: expected 'https://fr-funnel.younited-credit.com/partneridentity' to include '/contact'\n    at Context.eval (https://www.younited-credit.com/__cypress/tests?p=cypress/support/index.js:140:12)",
                "diff": null
              },
              "uuid": "d0aa04a2-c971-423a-9654-ac294c29e5c7",
              "parentUUID": "47f15589-676f-4020-8eaa-67b0ebc97fe8",
              "isHook": false,
              "skipped": false
            },
            {
              "title": "Assurance Test",
              "fullTitle": "Younited-credit tests: Pacs Test Assurance Test",
              "timedOut": null,
              "duration": 6560,
              "state": "failed",
              "speed": null,
              "pass": false,
              "fail": true,
              "pending": false,
              "context": null,
              "code": "cy.urlWebSite('/offers');\ncy.pageTitle('Younited Credit');\ncy.insuranceUser(profile.identityStep);\ncy.buttonClick('Suite');",
              "err": {
                "message": "AssertionError: Timed out retrying: expected 'https://fr-funnel.younited-credit.com/partneridentity' to include '/offers'",
                "estack": "AssertionError: Timed out retrying: expected 'https://fr-funnel.younited-credit.com/partneridentity' to include '/offers'\n    at Context.eval (https://www.younited-credit.com/__cypress/tests?p=cypress/support/index.js:140:12)",
                "diff": null
              },
              "uuid": "5f72f1e2-09a6-4059-ad9f-84258b25848e",
              "parentUUID": "47f15589-676f-4020-8eaa-67b0ebc97fe8",
              "isHook": false,
              "skipped": false
            },
            {
              "title": "Whithout Assurance Test",
              "fullTitle": "Younited-credit tests: Pacs Test Whithout Assurance Test",
              "timedOut": null,
              "duration": 6614,
              "state": "failed",
              "speed": null,
              "pass": false,
              "fail": true,
              "pending": false,
              "context": null,
              "code": "cy.buttonClick('Continuer sans assurance');",
              "err": {
                "message": "AssertionError: Timed out retrying: Expected to find content: 'Continuer sans assurance' but never did.",
                "estack": "AssertionError: Timed out retrying: Expected to find content: 'Continuer sans assurance' but never did.\n    at Context.eval (https://www.younited-credit.com/__cypress/tests?p=cypress/support/index.js:137:6)",
                "diff": null
              },
              "uuid": "baa6e52b-39b7-4099-bd67-a205b18682f6",
              "parentUUID": "47f15589-676f-4020-8eaa-67b0ebc97fe8",
              "isHook": false,
              "skipped": false
            },
            {
              "title": "Commercial Offer Test",
              "fullTitle": "Younited-credit tests: Pacs Test Commercial Offer Test",
              "timedOut": null,
              "duration": 6646,
              "state": "failed",
              "speed": null,
              "pass": false,
              "fail": true,
              "pending": false,
              "context": null,
              "code": "cy.urlWebSite('/modify-offer');\ncy.pageTitle('Younited Credit');",
              "err": {
                "message": "AssertionError: Timed out retrying: expected 'https://fr-funnel.younited-credit.com/partneridentity' to include '/modify-offer'",
                "estack": "AssertionError: Timed out retrying: expected 'https://fr-funnel.younited-credit.com/partneridentity' to include '/modify-offer'\n    at Context.eval (https://www.younited-credit.com/__cypress/tests?p=cypress/support/index.js:140:12)",
                "diff": null
              },
              "uuid": "f5124ff1-9438-43d8-a54a-d5097461bb6b",
              "parentUUID": "47f15589-676f-4020-8eaa-67b0ebc97fe8",
              "isHook": false,
              "skipped": false
            }
          ],
          "suites": [],
          "passes": [
            "59cc85cb-bb0b-4e6f-9a6e-144e7a0dd0c7",
            "ff6b7ec7-56f2-4e79-b0f3-205e4f3af60c",
            "49741939-bf6e-477e-bbec-4a1e40ec386e",
            "e7dd9947-f128-4c2a-9fce-91f5ae90d834",
            "934a6a6e-1f5a-410e-a35b-62d92b6c273a",
            "d8bec076-2dba-416d-884c-e9d9e8fe2302",
            "ee058dff-b582-4535-a038-d3cf5bfce9c7",
            "f7102b64-ee11-4e16-b024-a9ef554436ba",
            "221a8357-6a9b-4f34-853c-285d240f9254",
            "524de34a-6e16-450d-8c8e-716d4d29b054"
          ],
          "failures": [
            "b5c700f1-2bcb-4b40-8401-33ab1e3fc4fb",
            "d0aa04a2-c971-423a-9654-ac294c29e5c7",
            "5f72f1e2-09a6-4059-ad9f-84258b25848e",
            "baa6e52b-39b7-4099-bd67-a205b18682f6",
            "f5124ff1-9438-43d8-a54a-d5097461bb6b"
          ],
          "pending": [],
          "skipped": [],
          "duration": 65591,
          "root": false,
          "rootEmpty": false,
          "_timeout": 2000
        }
      ],
      "passes": [],
      "failures": [],
      "pending": [],
      "skipped": [],
      "duration": 0,
      "root": true,
      "rootEmpty": true,
      "_timeout": 2000
    }
  ],
  "meta": {
    "mocha": {
      "version": "7.0.1"
    },
    "mochawesome": {
      "options": {
        "quiet": false,
        "reportFilename": "mochawesome",
        "saveHtml": false,
        "saveJson": true,
        "consoleReporter": "spec",
        "useInlineDiffs": false,
        "code": true
      },
      "version": "6.1.1"
    },
    "marge": {
      "options": {
        "reportDir": "cypress/results",
        "overwrite": false,
        "html": false,
        "json": true
      },
      "version": "5.1.0"
    }
  }
}